<?xml version="1.0" encoding="UTF-8"?>
<!-- Generated by org.testng.reporters.JUnitXMLReporter -->
<testsuite ignored="0" hostname="DESKTOP-RMOCKGK" failures="0" tests="2" name="Default test" time="0.13" errors="0" timestamp="2022-09-14T14:32:48 IST">
  <testcase classname="TempTest.VerifySerachBoxAndChartPage" name="@BeforeTest launchBrowser" time="-1.663146168483E9">
    <failure type="org.testng.TestNGException" message="
Parameter &amp;apos;browser&amp;apos; is required by BeforeTest on method launchBrowser but has not been marked @Optional or defined
in C:\Users\HP\AppData\Local\Temp\testng-eclipse-1268429588\testng-customsuite.xml">
      <![CDATA[org.testng.TestNGException: 
Parameter 'browser' is required by BeforeTest on method launchBrowser but has not been marked @Optional or defined
in C:\Users\HP\AppData\Local\Temp\testng-eclipse-1268429588\testng-customsuite.xml
at org.testng.internal.Parameters.createParams(Parameters.java:270)
at org.testng.internal.Parameters.createParametersForMethod(Parameters.java:358)
at org.testng.internal.Parameters.createParameters(Parameters.java:700)
at org.testng.internal.Parameters.createConfigurationParameters(Parameters.java:168)
at org.testng.internal.ConfigInvoker.invokeConfigurations(ConfigInvoker.java:302)
at org.testng.TestRunner.invokeTestConfigurations(TestRunner.java:637)
at org.testng.TestRunner.beforeRun(TestRunner.java:627)
at org.testng.TestRunner.run(TestRunner.java:589)
at org.testng.SuiteRunner.runTest(SuiteRunner.java:377)
at org.testng.SuiteRunner.runSequentially(SuiteRunner.java:371)
at org.testng.SuiteRunner.privateRun(SuiteRunner.java:332)
at org.testng.SuiteRunner.run(SuiteRunner.java:276)
at org.testng.SuiteRunnerWorker.runSuite(SuiteRunnerWorker.java:53)
at org.testng.SuiteRunnerWorker.run(SuiteRunnerWorker.java:96)
at org.testng.TestNG.runSuitesSequentially(TestNG.java:1212)
at org.testng.TestNG.runSuitesLocally(TestNG.java:1134)
at org.testng.TestNG.runSuites(TestNG.java:1063)
at org.testng.TestNG.run(TestNG.java:1031)
at org.testng.remote.AbstractRemoteTestNG.run(AbstractRemoteTestNG.java:115)
at org.testng.remote.RemoteTestNG.initAndRun(RemoteTestNG.java:251)
at org.testng.remote.RemoteTestNG.main(RemoteTestNG.java:77)
]]>
    </failure>
  </testcase> <!-- @BeforeTest launchBrowser -->
  <testcase classname="TempTest.VerifySerachBoxAndChartPage" name="@BeforeClass createPOMObjects" time="-1.663146168533E9">
    <skipped/>
  </testcase> <!-- @BeforeClass createPOMObjects -->
  <testcase classname="TempTest.VerifySerachBoxAndChartPage" name="@BeforeMethod openBrowser" time="-1.663146168558E9">
    <skipped/>
  </testcase> <!-- @BeforeMethod openBrowser -->
  <testcase classname="TempTest.VerifySerachBoxAndChartPage" name="@AfterMethod logout" time="-1.663146168574E9">
    <skipped/>
  </testcase> <!-- @AfterMethod logout -->
  <testcase classname="TempTest.VerifySerachBoxAndChartPage" name="@BeforeMethod openBrowser" time="-1.663146168584E9">
    <skipped/>
  </testcase> <!-- @BeforeMethod openBrowser -->
  <testcase classname="TempTest.VerifySerachBoxAndChartPage" name="@AfterMethod logout" time="-1.663146168596E9">
    <skipped/>
  </testcase> <!-- @AfterMethod logout -->
  <testcase classname="TempTest.VerifySerachBoxAndChartPage" name="@AfterClass cleanPOMObjects" time="-1.663146168599E9">
    <skipped/>
  </testcase> <!-- @AfterClass cleanPOMObjects -->
  <testcase classname="TempTest.VerifySerachBoxAndChartPage" name="@AfterTest closeBrowser" time="-1.663146168602E9">
    <skipped/>
  </testcase> <!-- @AfterTest closeBrowser -->
  <testcase classname="TempTest.VerifySerachBoxAndChartPage" name="verifyStocksChart" time="0.0">
    <skipped/>
  </testcase> <!-- verifyStocksChart -->
  <testcase classname="TempTest.VerifySerachBoxAndChartPage" name="serachStockAndAddToWatchlist" time="0.0">
    <skipped/>
  </testcase> <!-- serachStockAndAddToWatchlist -->
</testsuite> <!-- Default test -->
