<?xml version="1.0" encoding="UTF-8"?>
<!-- Generated by org.testng.reporters.JUnitXMLReporter -->
<testsuite ignored="0" hostname="DESKTOP-RMOCKGK" failures="0" tests="5" name="ChromeTest" time="0.304" errors="0" timestamp="2022-09-15T19:08:22 IST">
  <testcase classname="TempTest.VerifyBuyAndSellStock" name="@BeforeTest launchBrowser" time="0.022">
    <failure type="java.lang.NullPointerException" message="Cannot invoke &amp;quot;org.openqa.selenium.WebDriver.manage()&amp;quot; because &amp;quot;this.driver&amp;quot; is null">
      <![CDATA[java.lang.NullPointerException: Cannot invoke "org.openqa.selenium.WebDriver.manage()" because "this.driver" is null
at TempTest.VerifyBuyAndSellStock.launchBrowser(VerifyBuyAndSellStock.java:53)
at java.base/java.util.concurrent.FutureTask.run(FutureTask.java:264)
at java.base/java.util.concurrent.ThreadPoolExecutor.runWorker(ThreadPoolExecutor.java:1136)
at java.base/java.util.concurrent.ThreadPoolExecutor$Worker.run(ThreadPoolExecutor.java:635)
at java.base/java.lang.Thread.run(Thread.java:833)
... Removed 13 stack frames]]>
    </failure>
  </testcase> <!-- @BeforeTest launchBrowser -->
  <testcase classname="TempTest.VerifySerachBoxAndChartPage" name="@BeforeTest launchBrowser" time="-1.663249101881E9">
    <skipped/>
  </testcase> <!-- @BeforeTest launchBrowser -->
  <testcase classname="TempTest.VerifyTourKite" name="@BeforeTest launchBrowser" time="-1.663249101884E9">
    <skipped/>
  </testcase> <!-- @BeforeTest launchBrowser -->
  <testcase classname="TempTest.VerifyBuyAndSellStock" name="@BeforeClass createPOMObjects" time="-1.663249101932E9">
    <skipped/>
  </testcase> <!-- @BeforeClass createPOMObjects -->
  <testcase classname="TempTest.VerifyBuyAndSellStock" name="@BeforeMethod openBrowser" time="-1.663249101959E9">
    <skipped/>
  </testcase> <!-- @BeforeMethod openBrowser -->
  <testcase classname="TempTest.VerifyBuyAndSellStock" name="@AfterMethod logout" time="-1.663249101971E9">
    <skipped/>
  </testcase> <!-- @AfterMethod logout -->
  <testcase classname="TempTest.VerifyBuyAndSellStock" name="@BeforeMethod openBrowser" time="-1.663249101981E9">
    <skipped/>
  </testcase> <!-- @BeforeMethod openBrowser -->
  <testcase classname="TempTest.VerifyBuyAndSellStock" name="@AfterMethod logout" time="-1.663249101995E9">
    <skipped/>
  </testcase> <!-- @AfterMethod logout -->
  <testcase classname="TempTest.VerifyBuyAndSellStock" name="@AfterClass cleanPOMObjects" time="-1.663249102016E9">
    <skipped/>
  </testcase> <!-- @AfterClass cleanPOMObjects -->
  <testcase classname="TempTest.VerifySerachBoxAndChartPage" name="@BeforeClass createPOMObjects" time="-1.66324910205E9">
    <skipped/>
  </testcase> <!-- @BeforeClass createPOMObjects -->
  <testcase classname="TempTest.VerifySerachBoxAndChartPage" name="@BeforeMethod openBrowser" time="-1.663249102053E9">
    <skipped/>
  </testcase> <!-- @BeforeMethod openBrowser -->
  <testcase classname="TempTest.VerifySerachBoxAndChartPage" name="@AfterMethod logout" time="-1.663249102064E9">
    <skipped/>
  </testcase> <!-- @AfterMethod logout -->
  <testcase classname="TempTest.VerifyTourKite" name="@BeforeClass createPOMObjects" time="-1.663249102067E9">
    <skipped/>
  </testcase> <!-- @BeforeClass createPOMObjects -->
  <testcase classname="TempTest.VerifyTourKite" name="@BeforeMethod openBrowser" time="-1.66324910207E9">
    <skipped/>
  </testcase> <!-- @BeforeMethod openBrowser -->
  <testcase classname="TempTest.VerifyTourKite" name="@AfterMethod logout" time="-1.663249102087E9">
    <skipped/>
  </testcase> <!-- @AfterMethod logout -->
  <testcase classname="TempTest.VerifyTourKite" name="@AfterClass cleanPOMObjects" time="-1.663249102092E9">
    <skipped/>
  </testcase> <!-- @AfterClass cleanPOMObjects -->
  <testcase classname="TempTest.VerifySerachBoxAndChartPage" name="@BeforeMethod openBrowser" time="-1.663249102101E9">
    <skipped/>
  </testcase> <!-- @BeforeMethod openBrowser -->
  <testcase classname="TempTest.VerifySerachBoxAndChartPage" name="@AfterMethod logout" time="-1.663249102115E9">
    <skipped/>
  </testcase> <!-- @AfterMethod logout -->
  <testcase classname="TempTest.VerifySerachBoxAndChartPage" name="@AfterClass cleanPOMObjects" time="-1.663249102117E9">
    <skipped/>
  </testcase> <!-- @AfterClass cleanPOMObjects -->
  <testcase classname="TempTest.VerifyBuyAndSellStock" name="@AfterTest closeBrowser" time="-1.663249102124E9">
    <skipped/>
  </testcase> <!-- @AfterTest closeBrowser -->
  <testcase classname="TempTest.VerifySerachBoxAndChartPage" name="@AfterTest closeBrowser" time="-1.663249102126E9">
    <skipped/>
  </testcase> <!-- @AfterTest closeBrowser -->
  <testcase classname="TempTest.VerifyTourKite" name="@AfterTest closeBrowser" time="-1.663249102128E9">
    <skipped/>
  </testcase> <!-- @AfterTest closeBrowser -->
  <testcase classname="TempTest.VerifyBuyAndSellStock" name="buyStock" time="0.0">
    <skipped/>
  </testcase> <!-- buyStock -->
  <testcase classname="TempTest.VerifyBuyAndSellStock" name="sellStock" time="0.0">
    <skipped/>
  </testcase> <!-- sellStock -->
  <testcase classname="TempTest.VerifySerachBoxAndChartPage" name="verifyStocksChart" time="0.0">
    <skipped/>
  </testcase> <!-- verifyStocksChart -->
  <testcase classname="TempTest.VerifyTourKite" name="verifyTourKite" time="0.0">
    <skipped/>
  </testcase> <!-- verifyTourKite -->
  <testcase classname="TempTest.VerifySerachBoxAndChartPage" name="serachStockAndAddToWatchlist" time="0.0">
    <skipped/>
  </testcase> <!-- serachStockAndAddToWatchlist -->
</testsuite> <!-- ChromeTest -->
