<html>
<head>
<title>TestNG:  ChromeTest</title>
<link href="../testng.css" rel="stylesheet" type="text/css" />
<link href="../my-testng.css" rel="stylesheet" type="text/css" />

<style type="text/css">
.log { display: none;} 
.stack-trace { display: none;} 
</style>
<script type="text/javascript">
<!--
function flip(e) {
  current = e.style.display;
  if (current == 'block') {
    e.style.display = 'none';
    return 0;
  }
  else {
    e.style.display = 'block';
    return 1;
  }
}

function toggleBox(szDivId, elem, msg1, msg2)
{
  var res = -1;  if (document.getElementById) {
    res = flip(document.getElementById(szDivId));
  }
  else if (document.all) {
    // this is the way old msie versions work
    res = flip(document.all[szDivId]);
  }
  if(elem) {
    if(res == 0) elem.innerHTML = msg1; else elem.innerHTML = msg2;
  }

}

function toggleAllBoxes() {
  if (document.getElementsByTagName) {
    d = document.getElementsByTagName('div');
    for (i = 0; i < d.length; i++) {
      if (d[i].className == 'log') {
        flip(d[i]);
      }
    }
  }
}

// -->
</script>

</head>
<body>
<h2 align='center'>ChromeTest</h2><table border='1' align="center">
<tr>
<td>Tests passed/Failed/Skipped:</td><td>0/0/5</td>
</tr><tr>
<td>Started on:</td><td>Thu Sep 15 19:08:21 IST 2022</td>
</tr>
<tr><td>Total time:</td><td>0 seconds (304 ms)</td>
</tr><tr>
<td>Included groups:</td><td></td>
</tr><tr>
<td>Excluded groups:</td><td></td>
</tr>
</table><p/>
<small><i>(Hover the method name to see the test class name)</i></small><p/>
<table width='100%' border='1' class='invocation-failed'>
<tr><td colspan='4' align='center'><b>FAILED CONFIGURATIONS</b></td></tr>
<tr><td><b>Test method</b></td>
<td width="30%"><b>Exception</b></td>
<td width="10%"><b>Time (seconds)</b></td>
<td><b>Instance</b></td>
</tr>
<tr>
<td title='TempTest.VerifyBuyAndSellStock.launchBrowser()'><b>launchBrowser</b><br>Test class: TempTest.VerifyBuyAndSellStock<br>Parameters: Chrome1</td>
<td><div><pre>java.lang.NullPointerException: Cannot invoke &quot;org.openqa.selenium.WebDriver.manage()&quot; because &quot;this.driver&quot; is null
	at TempTest.VerifyBuyAndSellStock.launchBrowser(VerifyBuyAndSellStock.java:53)
	at java.base/java.util.concurrent.FutureTask.run(FutureTask.java:264)
	at java.base/java.util.concurrent.ThreadPoolExecutor.runWorker(ThreadPoolExecutor.java:1136)
	at java.base/java.util.concurrent.ThreadPoolExecutor$Worker.run(ThreadPoolExecutor.java:635)
	at java.base/java.lang.Thread.run(Thread.java:833)
... Removed 13 stack frames</pre></div><a href='#' onClick='toggleBox("stack-trace236480286", this, "Click to show all stack frames", "Click to hide stack frames")'>Click to show all stack frames</a>
<div class='stack-trace' id='stack-trace236480286'><pre>java.lang.NullPointerException: Cannot invoke &quot;org.openqa.selenium.WebDriver.manage()&quot; because &quot;this.driver&quot; is null
	at TempTest.VerifyBuyAndSellStock.launchBrowser(VerifyBuyAndSellStock.java:53)
	at java.base/jdk.internal.reflect.DirectMethodHandleAccessor.invoke(DirectMethodHandleAccessor.java:104)
	at java.base/java.lang.reflect.Method.invoke(Method.java:577)
	at org.testng.internal.MethodInvocationHelper.invokeMethod(MethodInvocationHelper.java:133)
	at org.testng.internal.MethodInvocationHelper.invokeMethodConsideringTimeout(MethodInvocationHelper.java:62)
	at org.testng.internal.ConfigInvoker.invokeConfigurationMethod(ConfigInvoker.java:385)
	at org.testng.internal.ConfigInvoker.invokeConfigurations(ConfigInvoker.java:321)
	at org.testng.TestRunner.invokeTestConfigurations(TestRunner.java:637)
	at org.testng.TestRunner.beforeRun(TestRunner.java:627)
	at org.testng.TestRunner.run(TestRunner.java:589)
	at org.testng.SuiteRunner.runTest(SuiteRunner.java:377)
	at org.testng.SuiteRunner.access$000(SuiteRunner.java:28)
	at org.testng.SuiteRunner$SuiteWorker.run(SuiteRunner.java:418)
	at org.testng.internal.thread.ThreadUtil.lambda$execute$0(ThreadUtil.java:64)
	at java.base/java.util.concurrent.FutureTask.run(FutureTask.java:264)
	at java.base/java.util.concurrent.ThreadPoolExecutor.runWorker(ThreadPoolExecutor.java:1136)
	at java.base/java.util.concurrent.ThreadPoolExecutor$Worker.run(ThreadPoolExecutor.java:635)
	at java.base/java.lang.Thread.run(Thread.java:833)
</pre></div></td>
<td>0</td>
<td>TempTest.VerifyBuyAndSellStock@a514af7</td></tr>
</table><p>
<table width='100%' border='1' class='invocation-skipped'>
<tr><td colspan='4' align='center'><b>SKIPPED CONFIGURATIONS</b></td></tr>
<tr><td><b>Test method</b></td>
<td width="30%"><b>Exception</b></td>
<td width="10%"><b>Time (seconds)</b></td>
<td><b>Instance</b></td>
</tr>
<tr>
<td title='TempTest.VerifyBuyAndSellStock.openBrowser()'><b>openBrowser</b><br>Test class: TempTest.VerifyBuyAndSellStock</td>
<td></td>
<td>-1663249101</td>
<td>TempTest.VerifyBuyAndSellStock@a514af7</td></tr>
<tr>
<td title='TempTest.VerifyBuyAndSellStock.openBrowser()'><b>openBrowser</b><br>Test class: TempTest.VerifyBuyAndSellStock</td>
<td></td>
<td>-1663249101</td>
<td>TempTest.VerifyBuyAndSellStock@a514af7</td></tr>
<tr>
<td title='TempTest.VerifySerachBoxAndChartPage.logout()'><b>logout</b><br>Test class: TempTest.VerifySerachBoxAndChartPage</td>
<td></td>
<td>-1663249102</td>
<td>TempTest.VerifySerachBoxAndChartPage@294425a7</td></tr>
<tr>
<td title='TempTest.VerifySerachBoxAndChartPage.createPOMObjects()'><b>createPOMObjects</b><br>Test class: TempTest.VerifySerachBoxAndChartPage</td>
<td></td>
<td>-1663249102</td>
<td>TempTest.VerifySerachBoxAndChartPage@294425a7</td></tr>
<tr>
<td title='TempTest.VerifyTourKite.openBrowser()'><b>openBrowser</b><br>Test class: TempTest.VerifyTourKite</td>
<td></td>
<td>-1663249102</td>
<td>TempTest.VerifyTourKite@6379eb</td></tr>
<tr>
<td title='TempTest.VerifySerachBoxAndChartPage.openBrowser()'><b>openBrowser</b><br>Test class: TempTest.VerifySerachBoxAndChartPage</td>
<td></td>
<td>-1663249102</td>
<td>TempTest.VerifySerachBoxAndChartPage@294425a7</td></tr>
<tr>
<td title='TempTest.VerifySerachBoxAndChartPage.closeBrowser()'><b>closeBrowser</b><br>Test class: TempTest.VerifySerachBoxAndChartPage</td>
<td></td>
<td>-1663249102</td>
<td>TempTest.VerifySerachBoxAndChartPage@294425a7</td></tr>
<tr>
<td title='TempTest.VerifyBuyAndSellStock.closeBrowser()'><b>closeBrowser</b><br>Test class: TempTest.VerifyBuyAndSellStock</td>
<td></td>
<td>-1663249102</td>
<td>TempTest.VerifyBuyAndSellStock@a514af7</td></tr>
<tr>
<td title='TempTest.VerifyBuyAndSellStock.createPOMObjects()'><b>createPOMObjects</b><br>Test class: TempTest.VerifyBuyAndSellStock</td>
<td></td>
<td>-1663249101</td>
<td>TempTest.VerifyBuyAndSellStock@a514af7</td></tr>
<tr>
<td title='TempTest.VerifyBuyAndSellStock.cleanPOMObjects()'><b>cleanPOMObjects</b><br>Test class: TempTest.VerifyBuyAndSellStock</td>
<td></td>
<td>-1663249102</td>
<td>TempTest.VerifyBuyAndSellStock@a514af7</td></tr>
<tr>
<td title='TempTest.VerifySerachBoxAndChartPage.openBrowser()'><b>openBrowser</b><br>Test class: TempTest.VerifySerachBoxAndChartPage</td>
<td></td>
<td>-1663249102</td>
<td>TempTest.VerifySerachBoxAndChartPage@294425a7</td></tr>
<tr>
<td title='TempTest.VerifyTourKite.launchBrowser()'><b>launchBrowser</b><br>Test class: TempTest.VerifyTourKite</td>
<td></td>
<td>-1663249101</td>
<td>TempTest.VerifyTourKite@6379eb</td></tr>
<tr>
<td title='TempTest.VerifyTourKite.cleanPOMObjects()'><b>cleanPOMObjects</b><br>Test class: TempTest.VerifyTourKite</td>
<td></td>
<td>-1663249102</td>
<td>TempTest.VerifyTourKite@6379eb</td></tr>
<tr>
<td title='TempTest.VerifySerachBoxAndChartPage.cleanPOMObjects()'><b>cleanPOMObjects</b><br>Test class: TempTest.VerifySerachBoxAndChartPage</td>
<td></td>
<td>-1663249102</td>
<td>TempTest.VerifySerachBoxAndChartPage@294425a7</td></tr>
<tr>
<td title='TempTest.VerifySerachBoxAndChartPage.logout()'><b>logout</b><br>Test class: TempTest.VerifySerachBoxAndChartPage</td>
<td></td>
<td>-1663249102</td>
<td>TempTest.VerifySerachBoxAndChartPage@294425a7</td></tr>
<tr>
<td title='TempTest.VerifyBuyAndSellStock.logout()'><b>logout</b><br>Test class: TempTest.VerifyBuyAndSellStock</td>
<td></td>
<td>-1663249101</td>
<td>TempTest.VerifyBuyAndSellStock@a514af7</td></tr>
<tr>
<td title='TempTest.VerifyBuyAndSellStock.logout()'><b>logout</b><br>Test class: TempTest.VerifyBuyAndSellStock</td>
<td></td>
<td>-1663249101</td>
<td>TempTest.VerifyBuyAndSellStock@a514af7</td></tr>
<tr>
<td title='TempTest.VerifyTourKite.closeBrowser()'><b>closeBrowser</b><br>Test class: TempTest.VerifyTourKite</td>
<td></td>
<td>-1663249102</td>
<td>TempTest.VerifyTourKite@6379eb</td></tr>
<tr>
<td title='TempTest.VerifyTourKite.logout()'><b>logout</b><br>Test class: TempTest.VerifyTourKite</td>
<td></td>
<td>-1663249102</td>
<td>TempTest.VerifyTourKite@6379eb</td></tr>
<tr>
<td title='TempTest.VerifyTourKite.createPOMObjects()'><b>createPOMObjects</b><br>Test class: TempTest.VerifyTourKite</td>
<td></td>
<td>-1663249102</td>
<td>TempTest.VerifyTourKite@6379eb</td></tr>
<tr>
<td title='TempTest.VerifySerachBoxAndChartPage.launchBrowser()'><b>launchBrowser</b><br>Test class: TempTest.VerifySerachBoxAndChartPage</td>
<td></td>
<td>-1663249101</td>
<td>TempTest.VerifySerachBoxAndChartPage@294425a7</td></tr>
</table><p>
<table width='100%' border='1' class='invocation-skipped'>
<tr><td colspan='4' align='center'><b>SKIPPED TESTS</b></td></tr>
<tr><td><b>Test method</b></td>
<td width="30%"><b>Exception</b></td>
<td width="10%"><b>Time (seconds)</b></td>
<td><b>Instance</b></td>
</tr>
<tr>
<td title='TempTest.VerifySerachBoxAndChartPage.serachStockAndAddToWatchlist()'><b>serachStockAndAddToWatchlist</b><br>Test class: TempTest.VerifySerachBoxAndChartPage</td>
<td><div><pre>java.lang.NullPointerException: Cannot invoke &quot;org.openqa.selenium.WebDriver.manage()&quot; because &quot;this.driver&quot; is null
	at TempTest.VerifyBuyAndSellStock.launchBrowser(VerifyBuyAndSellStock.java:53)
	at java.base/java.util.concurrent.FutureTask.run(FutureTask.java:264)
	at java.base/java.util.concurrent.ThreadPoolExecutor.runWorker(ThreadPoolExecutor.java:1136)
	at java.base/java.util.concurrent.ThreadPoolExecutor$Worker.run(ThreadPoolExecutor.java:635)
	at java.base/java.lang.Thread.run(Thread.java:833)
... Removed 13 stack frames</pre></div><a href='#' onClick='toggleBox("stack-trace1906197070", this, "Click to show all stack frames", "Click to hide stack frames")'>Click to show all stack frames</a>
<div class='stack-trace' id='stack-trace1906197070'><pre>java.lang.NullPointerException: Cannot invoke &quot;org.openqa.selenium.WebDriver.manage()&quot; because &quot;this.driver&quot; is null
	at TempTest.VerifyBuyAndSellStock.launchBrowser(VerifyBuyAndSellStock.java:53)
	at java.base/jdk.internal.reflect.DirectMethodHandleAccessor.invoke(DirectMethodHandleAccessor.java:104)
	at java.base/java.lang.reflect.Method.invoke(Method.java:577)
	at org.testng.internal.MethodInvocationHelper.invokeMethod(MethodInvocationHelper.java:133)
	at org.testng.internal.MethodInvocationHelper.invokeMethodConsideringTimeout(MethodInvocationHelper.java:62)
	at org.testng.internal.ConfigInvoker.invokeConfigurationMethod(ConfigInvoker.java:385)
	at org.testng.internal.ConfigInvoker.invokeConfigurations(ConfigInvoker.java:321)
	at org.testng.TestRunner.invokeTestConfigurations(TestRunner.java:637)
	at org.testng.TestRunner.beforeRun(TestRunner.java:627)
	at org.testng.TestRunner.run(TestRunner.java:589)
	at org.testng.SuiteRunner.runTest(SuiteRunner.java:377)
	at org.testng.SuiteRunner.access$000(SuiteRunner.java:28)
	at org.testng.SuiteRunner$SuiteWorker.run(SuiteRunner.java:418)
	at org.testng.internal.thread.ThreadUtil.lambda$execute$0(ThreadUtil.java:64)
	at java.base/java.util.concurrent.FutureTask.run(FutureTask.java:264)
	at java.base/java.util.concurrent.ThreadPoolExecutor.runWorker(ThreadPoolExecutor.java:1136)
	at java.base/java.util.concurrent.ThreadPoolExecutor$Worker.run(ThreadPoolExecutor.java:635)
	at java.base/java.lang.Thread.run(Thread.java:833)
</pre></div></td>
<td>0</td>
<td>TempTest.VerifySerachBoxAndChartPage@294425a7</td></tr>
<tr>
<td title='TempTest.VerifyTourKite.verifyTourKite()'><b>verifyTourKite</b><br>Test class: TempTest.VerifyTourKite</td>
<td><div><pre>java.lang.NullPointerException: Cannot invoke &quot;org.openqa.selenium.WebDriver.manage()&quot; because &quot;this.driver&quot; is null
	at TempTest.VerifyBuyAndSellStock.launchBrowser(VerifyBuyAndSellStock.java:53)
	at java.base/java.util.concurrent.FutureTask.run(FutureTask.java:264)
	at java.base/java.util.concurrent.ThreadPoolExecutor.runWorker(ThreadPoolExecutor.java:1136)
	at java.base/java.util.concurrent.ThreadPoolExecutor$Worker.run(ThreadPoolExecutor.java:635)
	at java.base/java.lang.Thread.run(Thread.java:833)
... Removed 13 stack frames</pre></div><a href='#' onClick='toggleBox("stack-trace545845085", this, "Click to show all stack frames", "Click to hide stack frames")'>Click to show all stack frames</a>
<div class='stack-trace' id='stack-trace545845085'><pre>java.lang.NullPointerException: Cannot invoke &quot;org.openqa.selenium.WebDriver.manage()&quot; because &quot;this.driver&quot; is null
	at TempTest.VerifyBuyAndSellStock.launchBrowser(VerifyBuyAndSellStock.java:53)
	at java.base/jdk.internal.reflect.DirectMethodHandleAccessor.invoke(DirectMethodHandleAccessor.java:104)
	at java.base/java.lang.reflect.Method.invoke(Method.java:577)
	at org.testng.internal.MethodInvocationHelper.invokeMethod(MethodInvocationHelper.java:133)
	at org.testng.internal.MethodInvocationHelper.invokeMethodConsideringTimeout(MethodInvocationHelper.java:62)
	at org.testng.internal.ConfigInvoker.invokeConfigurationMethod(ConfigInvoker.java:385)
	at org.testng.internal.ConfigInvoker.invokeConfigurations(ConfigInvoker.java:321)
	at org.testng.TestRunner.invokeTestConfigurations(TestRunner.java:637)
	at org.testng.TestRunner.beforeRun(TestRunner.java:627)
	at org.testng.TestRunner.run(TestRunner.java:589)
	at org.testng.SuiteRunner.runTest(SuiteRunner.java:377)
	at org.testng.SuiteRunner.access$000(SuiteRunner.java:28)
	at org.testng.SuiteRunner$SuiteWorker.run(SuiteRunner.java:418)
	at org.testng.internal.thread.ThreadUtil.lambda$execute$0(ThreadUtil.java:64)
	at java.base/java.util.concurrent.FutureTask.run(FutureTask.java:264)
	at java.base/java.util.concurrent.ThreadPoolExecutor.runWorker(ThreadPoolExecutor.java:1136)
	at java.base/java.util.concurrent.ThreadPoolExecutor$Worker.run(ThreadPoolExecutor.java:635)
	at java.base/java.lang.Thread.run(Thread.java:833)
</pre></div></td>
<td>0</td>
<td>TempTest.VerifyTourKite@6379eb</td></tr>
<tr>
<td title='TempTest.VerifyBuyAndSellStock.sellStock()'><b>sellStock</b><br>Test class: TempTest.VerifyBuyAndSellStock</td>
<td><div><pre>java.lang.NullPointerException: Cannot invoke &quot;org.openqa.selenium.WebDriver.manage()&quot; because &quot;this.driver&quot; is null
	at TempTest.VerifyBuyAndSellStock.launchBrowser(VerifyBuyAndSellStock.java:53)
	at java.base/java.util.concurrent.FutureTask.run(FutureTask.java:264)
	at java.base/java.util.concurrent.ThreadPoolExecutor.runWorker(ThreadPoolExecutor.java:1136)
	at java.base/java.util.concurrent.ThreadPoolExecutor$Worker.run(ThreadPoolExecutor.java:635)
	at java.base/java.lang.Thread.run(Thread.java:833)
... Removed 13 stack frames</pre></div><a href='#' onClick='toggleBox("stack-trace1364739701", this, "Click to show all stack frames", "Click to hide stack frames")'>Click to show all stack frames</a>
<div class='stack-trace' id='stack-trace1364739701'><pre>java.lang.NullPointerException: Cannot invoke &quot;org.openqa.selenium.WebDriver.manage()&quot; because &quot;this.driver&quot; is null
	at TempTest.VerifyBuyAndSellStock.launchBrowser(VerifyBuyAndSellStock.java:53)
	at java.base/jdk.internal.reflect.DirectMethodHandleAccessor.invoke(DirectMethodHandleAccessor.java:104)
	at java.base/java.lang.reflect.Method.invoke(Method.java:577)
	at org.testng.internal.MethodInvocationHelper.invokeMethod(MethodInvocationHelper.java:133)
	at org.testng.internal.MethodInvocationHelper.invokeMethodConsideringTimeout(MethodInvocationHelper.java:62)
	at org.testng.internal.ConfigInvoker.invokeConfigurationMethod(ConfigInvoker.java:385)
	at org.testng.internal.ConfigInvoker.invokeConfigurations(ConfigInvoker.java:321)
	at org.testng.TestRunner.invokeTestConfigurations(TestRunner.java:637)
	at org.testng.TestRunner.beforeRun(TestRunner.java:627)
	at org.testng.TestRunner.run(TestRunner.java:589)
	at org.testng.SuiteRunner.runTest(SuiteRunner.java:377)
	at org.testng.SuiteRunner.access$000(SuiteRunner.java:28)
	at org.testng.SuiteRunner$SuiteWorker.run(SuiteRunner.java:418)
	at org.testng.internal.thread.ThreadUtil.lambda$execute$0(ThreadUtil.java:64)
	at java.base/java.util.concurrent.FutureTask.run(FutureTask.java:264)
	at java.base/java.util.concurrent.ThreadPoolExecutor.runWorker(ThreadPoolExecutor.java:1136)
	at java.base/java.util.concurrent.ThreadPoolExecutor$Worker.run(ThreadPoolExecutor.java:635)
	at java.base/java.lang.Thread.run(Thread.java:833)
</pre></div></td>
<td>0</td>
<td>TempTest.VerifyBuyAndSellStock@a514af7</td></tr>
<tr>
<td title='TempTest.VerifyBuyAndSellStock.buyStock()'><b>buyStock</b><br>Test class: TempTest.VerifyBuyAndSellStock</td>
<td><div><pre>java.lang.NullPointerException: Cannot invoke &quot;org.openqa.selenium.WebDriver.manage()&quot; because &quot;this.driver&quot; is null
	at TempTest.VerifyBuyAndSellStock.launchBrowser(VerifyBuyAndSellStock.java:53)
	at java.base/java.util.concurrent.FutureTask.run(FutureTask.java:264)
	at java.base/java.util.concurrent.ThreadPoolExecutor.runWorker(ThreadPoolExecutor.java:1136)
	at java.base/java.util.concurrent.ThreadPoolExecutor$Worker.run(ThreadPoolExecutor.java:635)
	at java.base/java.lang.Thread.run(Thread.java:833)
... Removed 13 stack frames</pre></div><a href='#' onClick='toggleBox("stack-trace1814590631", this, "Click to show all stack frames", "Click to hide stack frames")'>Click to show all stack frames</a>
<div class='stack-trace' id='stack-trace1814590631'><pre>java.lang.NullPointerException: Cannot invoke &quot;org.openqa.selenium.WebDriver.manage()&quot; because &quot;this.driver&quot; is null
	at TempTest.VerifyBuyAndSellStock.launchBrowser(VerifyBuyAndSellStock.java:53)
	at java.base/jdk.internal.reflect.DirectMethodHandleAccessor.invoke(DirectMethodHandleAccessor.java:104)
	at java.base/java.lang.reflect.Method.invoke(Method.java:577)
	at org.testng.internal.MethodInvocationHelper.invokeMethod(MethodInvocationHelper.java:133)
	at org.testng.internal.MethodInvocationHelper.invokeMethodConsideringTimeout(MethodInvocationHelper.java:62)
	at org.testng.internal.ConfigInvoker.invokeConfigurationMethod(ConfigInvoker.java:385)
	at org.testng.internal.ConfigInvoker.invokeConfigurations(ConfigInvoker.java:321)
	at org.testng.TestRunner.invokeTestConfigurations(TestRunner.java:637)
	at org.testng.TestRunner.beforeRun(TestRunner.java:627)
	at org.testng.TestRunner.run(TestRunner.java:589)
	at org.testng.SuiteRunner.runTest(SuiteRunner.java:377)
	at org.testng.SuiteRunner.access$000(SuiteRunner.java:28)
	at org.testng.SuiteRunner$SuiteWorker.run(SuiteRunner.java:418)
	at org.testng.internal.thread.ThreadUtil.lambda$execute$0(ThreadUtil.java:64)
	at java.base/java.util.concurrent.FutureTask.run(FutureTask.java:264)
	at java.base/java.util.concurrent.ThreadPoolExecutor.runWorker(ThreadPoolExecutor.java:1136)
	at java.base/java.util.concurrent.ThreadPoolExecutor$Worker.run(ThreadPoolExecutor.java:635)
	at java.base/java.lang.Thread.run(Thread.java:833)
</pre></div></td>
<td>0</td>
<td>TempTest.VerifyBuyAndSellStock@a514af7</td></tr>
<tr>
<td title='TempTest.VerifySerachBoxAndChartPage.verifyStocksChart()'><b>verifyStocksChart</b><br>Test class: TempTest.VerifySerachBoxAndChartPage</td>
<td><div><pre>java.lang.NullPointerException: Cannot invoke &quot;org.openqa.selenium.WebDriver.manage()&quot; because &quot;this.driver&quot; is null
	at TempTest.VerifyBuyAndSellStock.launchBrowser(VerifyBuyAndSellStock.java:53)
	at java.base/java.util.concurrent.FutureTask.run(FutureTask.java:264)
	at java.base/java.util.concurrent.ThreadPoolExecutor.runWorker(ThreadPoolExecutor.java:1136)
	at java.base/java.util.concurrent.ThreadPoolExecutor$Worker.run(ThreadPoolExecutor.java:635)
	at java.base/java.lang.Thread.run(Thread.java:833)
... Removed 13 stack frames</pre></div><a href='#' onClick='toggleBox("stack-trace1893242999", this, "Click to show all stack frames", "Click to hide stack frames")'>Click to show all stack frames</a>
<div class='stack-trace' id='stack-trace1893242999'><pre>java.lang.NullPointerException: Cannot invoke &quot;org.openqa.selenium.WebDriver.manage()&quot; because &quot;this.driver&quot; is null
	at TempTest.VerifyBuyAndSellStock.launchBrowser(VerifyBuyAndSellStock.java:53)
	at java.base/jdk.internal.reflect.DirectMethodHandleAccessor.invoke(DirectMethodHandleAccessor.java:104)
	at java.base/java.lang.reflect.Method.invoke(Method.java:577)
	at org.testng.internal.MethodInvocationHelper.invokeMethod(MethodInvocationHelper.java:133)
	at org.testng.internal.MethodInvocationHelper.invokeMethodConsideringTimeout(MethodInvocationHelper.java:62)
	at org.testng.internal.ConfigInvoker.invokeConfigurationMethod(ConfigInvoker.java:385)
	at org.testng.internal.ConfigInvoker.invokeConfigurations(ConfigInvoker.java:321)
	at org.testng.TestRunner.invokeTestConfigurations(TestRunner.java:637)
	at org.testng.TestRunner.beforeRun(TestRunner.java:627)
	at org.testng.TestRunner.run(TestRunner.java:589)
	at org.testng.SuiteRunner.runTest(SuiteRunner.java:377)
	at org.testng.SuiteRunner.access$000(SuiteRunner.java:28)
	at org.testng.SuiteRunner$SuiteWorker.run(SuiteRunner.java:418)
	at org.testng.internal.thread.ThreadUtil.lambda$execute$0(ThreadUtil.java:64)
	at java.base/java.util.concurrent.FutureTask.run(FutureTask.java:264)
	at java.base/java.util.concurrent.ThreadPoolExecutor.runWorker(ThreadPoolExecutor.java:1136)
	at java.base/java.util.concurrent.ThreadPoolExecutor$Worker.run(ThreadPoolExecutor.java:635)
	at java.base/java.lang.Thread.run(Thread.java:833)
</pre></div></td>
<td>0</td>
<td>TempTest.VerifySerachBoxAndChartPage@294425a7</td></tr>
</table><p>
</body>
</html>