<html>
<head>
<title>TestNG:  EdgeTest</title>
<link href="../testng.css" rel="stylesheet" type="text/css" />
<link href="../my-testng.css" rel="stylesheet" type="text/css" />

<style type="text/css">
.log { display: none;} 
.stack-trace { display: none;} 
</style>
<script type="text/javascript">
<!--
function flip(e) {
  current = e.style.display;
  if (current == 'block') {
    e.style.display = 'none';
    return 0;
  }
  else {
    e.style.display = 'block';
    return 1;
  }
}

function toggleBox(szDivId, elem, msg1, msg2)
{
  var res = -1;  if (document.getElementById) {
    res = flip(document.getElementById(szDivId));
  }
  else if (document.all) {
    // this is the way old msie versions work
    res = flip(document.all[szDivId]);
  }
  if(elem) {
    if(res == 0) elem.innerHTML = msg1; else elem.innerHTML = msg2;
  }

}

function toggleAllBoxes() {
  if (document.getElementsByTagName) {
    d = document.getElementsByTagName('div');
    for (i = 0; i < d.length; i++) {
      if (d[i].className == 'log') {
        flip(d[i]);
      }
    }
  }
}

// -->
</script>

</head>
<body>
<h2 align='center'>EdgeTest</h2><table border='1' align="center">
<tr>
<td>Tests passed/Failed/Skipped:</td><td>0/0/5</td>
</tr><tr>
<td>Started on:</td><td>Thu Sep 15 15:50:57 IST 2022</td>
</tr>
<tr><td>Total time:</td><td>4 seconds (4882 ms)</td>
</tr><tr>
<td>Included groups:</td><td></td>
</tr><tr>
<td>Excluded groups:</td><td></td>
</tr>
</table><p/>
<small><i>(Hover the method name to see the test class name)</i></small><p/>
<table width='100%' border='1' class='invocation-failed'>
<tr><td colspan='4' align='center'><b>FAILED CONFIGURATIONS</b></td></tr>
<tr><td><b>Test method</b></td>
<td width="30%"><b>Exception</b></td>
<td width="10%"><b>Time (seconds)</b></td>
<td><b>Instance</b></td>
</tr>
<tr>
<td title='TempTest.VerifyBuyAndSellStock.launchBrowser()'><b>launchBrowser</b><br>Test class: TempTest.VerifyBuyAndSellStock<br>Parameters: Edge</td>
<td><div><pre>org.openqa.selenium.SessionNotCreatedException: session not created: This version of Microsoft Edge WebDriver only supports Microsoft Edge version 107
Current browser version is 105.0.1343.33 with binary path C:\Program Files (x86)\Microsoft\Edge\Application\msedge.exe
Build info: version: &apos;3.141.59&apos;, revision: &apos;e82be7d358&apos;, time: &apos;2018-11-14T08:17:03&apos;
System info: host: &apos;DESKTOP-RMOCKGK&apos;, ip: &apos;192.168.43.105&apos;, os.name: &apos;Windows 10&apos;, os.arch: &apos;amd64&apos;, os.version: &apos;10.0&apos;, java.version: &apos;18&apos;
Driver info: driver.version: EdgeDriver
remote stacktrace: Backtrace:
	Microsoft::Applications::Events::EventProperties::SetProperty [0x00007FF78A277262+15282]
	Microsoft::Applications::Events::EventProperty::EventProperty [0x00007FF78A2148F2+1444642]
	Ordinal0 [0x00007FF789E2C835+641077]
	Ordinal0 [0x00007FF789E5A6AD+829101]
	Ordinal0 [0x00007FF789E5615A+811354]
	Ordinal0 [0x00007FF789E51340+791360]
	Ordinal0 [0x00007FF789E8F891+1046673]
	Ordinal0 [0x00007FF789E8ED78+1043832]
	Ordinal0 [0x00007FF789E88193+1016211]
	Ordinal0 [0x00007FF789E5CC63+838755]
	Ordinal0 [0x00007FF789E5E2CF+844495]
	Microsoft::Applications::Events::EventProperty::EventProperty [0x00007FF78A0D4C38+134760]
	Microsoft::Applications::Events::EventProperty::EventProperty [0x00007FF78A0BEB4D+44413]
	Microsoft::Applications::Events::EventProperty::EventProperty [0x00007FF78A0C1AAC+56540]
	Ordinal0 [0x00007FF789F1F944+1636676]
	Microsoft::Applications::Events::EventProperty::EventProperty [0x00007FF78A219F49+1466745]
	Microsoft::Applications::Events::EventProperty::EventProperty [0x00007FF78A21E6F4+1485092]
	Microsoft::Applications::Events::EventProperty::EventProperty [0x00007FF78A21E84D+1485437]
	Microsoft::Applications::Events::EventProperty::EventProperty [0x00007FF78A225F26+1515862]
	BaseThreadInitThunk [0x00007FFCBE047034+20]
	RtlUserThreadStart [0x00007FFCC00226A1+33]

	at org.openqa.selenium.remote.W3CHandshakeResponse.lambda$errorHandler$0(W3CHandshakeResponse.java:62)
	at org.openqa.selenium.remote.HandshakeResponse.lambda$getResponseFunction$0(HandshakeResponse.java:30)
	at org.openqa.selenium.remote.ProtocolHandshake.lambda$createSession$0(ProtocolHandshake.java:126)
	at java.base/java.util.stream.ReferencePipeline$3$1.accept(ReferencePipeline.java:197)
	at java.base/java.util.Spliterators$ArraySpliterator.tryAdvance(Spliterators.java:1002)
	at java.base/java.util.stream.ReferencePipeline.forEachWithCancel(ReferencePipeline.java:129)
	at java.base/java.util.stream.AbstractPipeline.copyIntoWithCancel(AbstractPipeline.java:527)
	at java.base/java.util.stream.AbstractPipeline.copyInto(AbstractPipeline.java:513)
	at java.base/java.util.stream.AbstractPipeline.wrapAndCopyInto(AbstractPipeline.java:499)
	at java.base/java.util.stream.FindOps$FindOp.evaluateSequential(FindOps.java:150)
	at java.base/java.util.stream.AbstractPipeline.evaluate(AbstractPipeline.java:234)
	at java.base/java.util.stream.ReferencePipeline.findFirst(ReferencePipeline.java:647)
	at org.openqa.selenium.remote.ProtocolHandshake.createSession(ProtocolHandshake.java:128)
	at org.openqa.selenium.remote.ProtocolHandshake.createSession(ProtocolHandshake.java:74)
	at org.openqa.selenium.remote.HttpCommandExecutor.execute(HttpCommandExecutor.java:136)
	at org.openqa.selenium.remote.service.DriverCommandExecutor.execute(DriverCommandExecutor.java:83)
	at org.openqa.selenium.remote.RemoteWebDriver.execute(RemoteWebDriver.java:552)
	at org.openqa.selenium.remote.RemoteWebDriver.startSession(RemoteWebDriver.java:213)
	at org.openqa.selenium.remote.RemoteWebDriver.&lt;init&gt;(RemoteWebDriver.java:131)
	at org.openqa.selenium.edge.EdgeDriver.&lt;init&gt;(EdgeDriver.java:141)
	at org.openqa.selenium.edge.EdgeDriver.&lt;init&gt;(EdgeDriver.java:96)
	at SetUp.BaseZerodha.openEdgeBrowser(BaseZerodha.java:31)
	at TempTest.VerifyBuyAndSellStock.launchBrowser(VerifyBuyAndSellStock.java:51)
... Removed 25 stack frames</pre></div><a href='#' onClick='toggleBox("stack-trace1165303897", this, "Click to show all stack frames", "Click to hide stack frames")'>Click to show all stack frames</a>
<div class='stack-trace' id='stack-trace1165303897'><pre>org.openqa.selenium.SessionNotCreatedException: session not created: This version of Microsoft Edge WebDriver only supports Microsoft Edge version 107
Current browser version is 105.0.1343.33 with binary path C:\Program Files (x86)\Microsoft\Edge\Application\msedge.exe
Build info: version: &apos;3.141.59&apos;, revision: &apos;e82be7d358&apos;, time: &apos;2018-11-14T08:17:03&apos;
System info: host: &apos;DESKTOP-RMOCKGK&apos;, ip: &apos;192.168.43.105&apos;, os.name: &apos;Windows 10&apos;, os.arch: &apos;amd64&apos;, os.version: &apos;10.0&apos;, java.version: &apos;18&apos;
Driver info: driver.version: EdgeDriver
remote stacktrace: Backtrace:
	Microsoft::Applications::Events::EventProperties::SetProperty [0x00007FF78A277262+15282]
	Microsoft::Applications::Events::EventProperty::EventProperty [0x00007FF78A2148F2+1444642]
	Ordinal0 [0x00007FF789E2C835+641077]
	Ordinal0 [0x00007FF789E5A6AD+829101]
	Ordinal0 [0x00007FF789E5615A+811354]
	Ordinal0 [0x00007FF789E51340+791360]
	Ordinal0 [0x00007FF789E8F891+1046673]
	Ordinal0 [0x00007FF789E8ED78+1043832]
	Ordinal0 [0x00007FF789E88193+1016211]
	Ordinal0 [0x00007FF789E5CC63+838755]
	Ordinal0 [0x00007FF789E5E2CF+844495]
	Microsoft::Applications::Events::EventProperty::EventProperty [0x00007FF78A0D4C38+134760]
	Microsoft::Applications::Events::EventProperty::EventProperty [0x00007FF78A0BEB4D+44413]
	Microsoft::Applications::Events::EventProperty::EventProperty [0x00007FF78A0C1AAC+56540]
	Ordinal0 [0x00007FF789F1F944+1636676]
	Microsoft::Applications::Events::EventProperty::EventProperty [0x00007FF78A219F49+1466745]
	Microsoft::Applications::Events::EventProperty::EventProperty [0x00007FF78A21E6F4+1485092]
	Microsoft::Applications::Events::EventProperty::EventProperty [0x00007FF78A21E84D+1485437]
	Microsoft::Applications::Events::EventProperty::EventProperty [0x00007FF78A225F26+1515862]
	BaseThreadInitThunk [0x00007FFCBE047034+20]
	RtlUserThreadStart [0x00007FFCC00226A1+33]

	at java.base/jdk.internal.reflect.DirectConstructorHandleAccessor.newInstance(DirectConstructorHandleAccessor.java:67)
	at java.base/java.lang.reflect.Constructor.newInstanceWithCaller(Constructor.java:499)
	at java.base/java.lang.reflect.Constructor.newInstance(Constructor.java:483)
	at org.openqa.selenium.remote.W3CHandshakeResponse.lambda$errorHandler$0(W3CHandshakeResponse.java:62)
	at org.openqa.selenium.remote.HandshakeResponse.lambda$getResponseFunction$0(HandshakeResponse.java:30)
	at org.openqa.selenium.remote.ProtocolHandshake.lambda$createSession$0(ProtocolHandshake.java:126)
	at java.base/java.util.stream.ReferencePipeline$3$1.accept(ReferencePipeline.java:197)
	at java.base/java.util.Spliterators$ArraySpliterator.tryAdvance(Spliterators.java:1002)
	at java.base/java.util.stream.ReferencePipeline.forEachWithCancel(ReferencePipeline.java:129)
	at java.base/java.util.stream.AbstractPipeline.copyIntoWithCancel(AbstractPipeline.java:527)
	at java.base/java.util.stream.AbstractPipeline.copyInto(AbstractPipeline.java:513)
	at java.base/java.util.stream.AbstractPipeline.wrapAndCopyInto(AbstractPipeline.java:499)
	at java.base/java.util.stream.FindOps$FindOp.evaluateSequential(FindOps.java:150)
	at java.base/java.util.stream.AbstractPipeline.evaluate(AbstractPipeline.java:234)
	at java.base/java.util.stream.ReferencePipeline.findFirst(ReferencePipeline.java:647)
	at org.openqa.selenium.remote.ProtocolHandshake.createSession(ProtocolHandshake.java:128)
	at org.openqa.selenium.remote.ProtocolHandshake.createSession(ProtocolHandshake.java:74)
	at org.openqa.selenium.remote.HttpCommandExecutor.execute(HttpCommandExecutor.java:136)
	at org.openqa.selenium.remote.service.DriverCommandExecutor.execute(DriverCommandExecutor.java:83)
	at org.openqa.selenium.remote.RemoteWebDriver.execute(RemoteWebDriver.java:552)
	at org.openqa.selenium.remote.RemoteWebDriver.startSession(RemoteWebDriver.java:213)
	at org.openqa.selenium.remote.RemoteWebDriver.&lt;init&gt;(RemoteWebDriver.java:131)
	at org.openqa.selenium.edge.EdgeDriver.&lt;init&gt;(EdgeDriver.java:141)
	at org.openqa.selenium.edge.EdgeDriver.&lt;init&gt;(EdgeDriver.java:96)
	at SetUp.BaseZerodha.openEdgeBrowser(BaseZerodha.java:31)
	at TempTest.VerifyBuyAndSellStock.launchBrowser(VerifyBuyAndSellStock.java:51)
	at java.base/jdk.internal.reflect.DirectMethodHandleAccessor.invoke(DirectMethodHandleAccessor.java:104)
	at java.base/java.lang.reflect.Method.invoke(Method.java:577)
	at org.testng.internal.MethodInvocationHelper.invokeMethod(MethodInvocationHelper.java:133)
	at org.testng.internal.MethodInvocationHelper.invokeMethodConsideringTimeout(MethodInvocationHelper.java:62)
	at org.testng.internal.ConfigInvoker.invokeConfigurationMethod(ConfigInvoker.java:385)
	at org.testng.internal.ConfigInvoker.invokeConfigurations(ConfigInvoker.java:321)
	at org.testng.TestRunner.invokeTestConfigurations(TestRunner.java:637)
	at org.testng.TestRunner.beforeRun(TestRunner.java:627)
	at org.testng.TestRunner.run(TestRunner.java:589)
	at org.testng.SuiteRunner.runTest(SuiteRunner.java:377)
	at org.testng.SuiteRunner.runSequentially(SuiteRunner.java:371)
	at org.testng.SuiteRunner.privateRun(SuiteRunner.java:332)
	at org.testng.SuiteRunner.run(SuiteRunner.java:276)
	at org.testng.SuiteRunnerWorker.runSuite(SuiteRunnerWorker.java:53)
	at org.testng.SuiteRunnerWorker.run(SuiteRunnerWorker.java:96)
	at org.testng.TestNG.runSuitesSequentially(TestNG.java:1212)
	at org.testng.TestNG.runSuitesLocally(TestNG.java:1134)
	at org.testng.TestNG.runSuites(TestNG.java:1063)
	at org.testng.TestNG.run(TestNG.java:1031)
	at org.testng.remote.AbstractRemoteTestNG.run(AbstractRemoteTestNG.java:115)
	at org.testng.remote.RemoteTestNG.initAndRun(RemoteTestNG.java:251)
	at org.testng.remote.RemoteTestNG.main(RemoteTestNG.java:77)
</pre></div></td>
<td>4</td>
<td>TempTest.VerifyBuyAndSellStock@a514af7</td></tr>
</table><p>
<table width='100%' border='1' class='invocation-skipped'>
<tr><td colspan='4' align='center'><b>SKIPPED CONFIGURATIONS</b></td></tr>
<tr><td><b>Test method</b></td>
<td width="30%"><b>Exception</b></td>
<td width="10%"><b>Time (seconds)</b></td>
<td><b>Instance</b></td>
</tr>
<tr>
<td title='TempTest.VerifyTourKite.openBrowser()'><b>openBrowser</b><br>Test class: TempTest.VerifyTourKite</td>
<td></td>
<td>-1663237262</td>
<td>TempTest.VerifyTourKite@6379eb</td></tr>
<tr>
<td title='TempTest.VerifyTourKite.createPOMObjects()'><b>createPOMObjects</b><br>Test class: TempTest.VerifyTourKite</td>
<td></td>
<td>-1663237262</td>
<td>TempTest.VerifyTourKite@6379eb</td></tr>
<tr>
<td title='TempTest.VerifySerachBoxAndChartPage.openBrowser()'><b>openBrowser</b><br>Test class: TempTest.VerifySerachBoxAndChartPage</td>
<td></td>
<td>-1663237262</td>
<td>TempTest.VerifySerachBoxAndChartPage@294425a7</td></tr>
<tr>
<td title='TempTest.VerifyBuyAndSellStock.closeBrowser()'><b>closeBrowser</b><br>Test class: TempTest.VerifyBuyAndSellStock</td>
<td></td>
<td>-1663237262</td>
<td>TempTest.VerifyBuyAndSellStock@a514af7</td></tr>
<tr>
<td title='TempTest.VerifySerachBoxAndChartPage.launchBrowser()'><b>launchBrowser</b><br>Test class: TempTest.VerifySerachBoxAndChartPage</td>
<td></td>
<td>-1663237262</td>
<td>TempTest.VerifySerachBoxAndChartPage@294425a7</td></tr>
<tr>
<td title='TempTest.VerifySerachBoxAndChartPage.cleanPOMObjects()'><b>cleanPOMObjects</b><br>Test class: TempTest.VerifySerachBoxAndChartPage</td>
<td></td>
<td>-1663237262</td>
<td>TempTest.VerifySerachBoxAndChartPage@294425a7</td></tr>
<tr>
<td title='TempTest.VerifySerachBoxAndChartPage.logout()'><b>logout</b><br>Test class: TempTest.VerifySerachBoxAndChartPage</td>
<td></td>
<td>-1663237262</td>
<td>TempTest.VerifySerachBoxAndChartPage@294425a7</td></tr>
<tr>
<td title='TempTest.VerifyTourKite.logout()'><b>logout</b><br>Test class: TempTest.VerifyTourKite</td>
<td></td>
<td>-1663237262</td>
<td>TempTest.VerifyTourKite@6379eb</td></tr>
<tr>
<td title='TempTest.VerifySerachBoxAndChartPage.closeBrowser()'><b>closeBrowser</b><br>Test class: TempTest.VerifySerachBoxAndChartPage</td>
<td></td>
<td>-1663237262</td>
<td>TempTest.VerifySerachBoxAndChartPage@294425a7</td></tr>
<tr>
<td title='TempTest.VerifyBuyAndSellStock.createPOMObjects()'><b>createPOMObjects</b><br>Test class: TempTest.VerifyBuyAndSellStock</td>
<td></td>
<td>-1663237262</td>
<td>TempTest.VerifyBuyAndSellStock@a514af7</td></tr>
<tr>
<td title='TempTest.VerifyBuyAndSellStock.logout()'><b>logout</b><br>Test class: TempTest.VerifyBuyAndSellStock</td>
<td></td>
<td>-1663237262</td>
<td>TempTest.VerifyBuyAndSellStock@a514af7</td></tr>
<tr>
<td title='TempTest.VerifyTourKite.launchBrowser()'><b>launchBrowser</b><br>Test class: TempTest.VerifyTourKite</td>
<td></td>
<td>-1663237262</td>
<td>TempTest.VerifyTourKite@6379eb</td></tr>
<tr>
<td title='TempTest.VerifyTourKite.cleanPOMObjects()'><b>cleanPOMObjects</b><br>Test class: TempTest.VerifyTourKite</td>
<td></td>
<td>-1663237262</td>
<td>TempTest.VerifyTourKite@6379eb</td></tr>
<tr>
<td title='TempTest.VerifyBuyAndSellStock.cleanPOMObjects()'><b>cleanPOMObjects</b><br>Test class: TempTest.VerifyBuyAndSellStock</td>
<td></td>
<td>-1663237262</td>
<td>TempTest.VerifyBuyAndSellStock@a514af7</td></tr>
<tr>
<td title='TempTest.VerifySerachBoxAndChartPage.createPOMObjects()'><b>createPOMObjects</b><br>Test class: TempTest.VerifySerachBoxAndChartPage</td>
<td></td>
<td>-1663237262</td>
<td>TempTest.VerifySerachBoxAndChartPage@294425a7</td></tr>
<tr>
<td title='TempTest.VerifySerachBoxAndChartPage.openBrowser()'><b>openBrowser</b><br>Test class: TempTest.VerifySerachBoxAndChartPage</td>
<td></td>
<td>-1663237262</td>
<td>TempTest.VerifySerachBoxAndChartPage@294425a7</td></tr>
<tr>
<td title='TempTest.VerifyBuyAndSellStock.openBrowser()'><b>openBrowser</b><br>Test class: TempTest.VerifyBuyAndSellStock</td>
<td></td>
<td>-1663237262</td>
<td>TempTest.VerifyBuyAndSellStock@a514af7</td></tr>
<tr>
<td title='TempTest.VerifyBuyAndSellStock.openBrowser()'><b>openBrowser</b><br>Test class: TempTest.VerifyBuyAndSellStock</td>
<td></td>
<td>-1663237262</td>
<td>TempTest.VerifyBuyAndSellStock@a514af7</td></tr>
<tr>
<td title='TempTest.VerifyBuyAndSellStock.logout()'><b>logout</b><br>Test class: TempTest.VerifyBuyAndSellStock</td>
<td></td>
<td>-1663237262</td>
<td>TempTest.VerifyBuyAndSellStock@a514af7</td></tr>
<tr>
<td title='TempTest.VerifySerachBoxAndChartPage.logout()'><b>logout</b><br>Test class: TempTest.VerifySerachBoxAndChartPage</td>
<td></td>
<td>-1663237262</td>
<td>TempTest.VerifySerachBoxAndChartPage@294425a7</td></tr>
<tr>
<td title='TempTest.VerifyTourKite.closeBrowser()'><b>closeBrowser</b><br>Test class: TempTest.VerifyTourKite</td>
<td></td>
<td>-1663237262</td>
<td>TempTest.VerifyTourKite@6379eb</td></tr>
</table><p>
<table width='100%' border='1' class='invocation-skipped'>
<tr><td colspan='4' align='center'><b>SKIPPED TESTS</b></td></tr>
<tr><td><b>Test method</b></td>
<td width="30%"><b>Exception</b></td>
<td width="10%"><b>Time (seconds)</b></td>
<td><b>Instance</b></td>
</tr>
<tr>
<td title='TempTest.VerifySerachBoxAndChartPage.verifyStocksChart()'><b>verifyStocksChart</b><br>Test class: TempTest.VerifySerachBoxAndChartPage</td>
<td><div><pre>org.openqa.selenium.SessionNotCreatedException: session not created: This version of Microsoft Edge WebDriver only supports Microsoft Edge version 107
Current browser version is 105.0.1343.33 with binary path C:\Program Files (x86)\Microsoft\Edge\Application\msedge.exe
Build info: version: &apos;3.141.59&apos;, revision: &apos;e82be7d358&apos;, time: &apos;2018-11-14T08:17:03&apos;
System info: host: &apos;DESKTOP-RMOCKGK&apos;, ip: &apos;192.168.43.105&apos;, os.name: &apos;Windows 10&apos;, os.arch: &apos;amd64&apos;, os.version: &apos;10.0&apos;, java.version: &apos;18&apos;
Driver info: driver.version: EdgeDriver
remote stacktrace: Backtrace:
	Microsoft::Applications::Events::EventProperties::SetProperty [0x00007FF78A277262+15282]
	Microsoft::Applications::Events::EventProperty::EventProperty [0x00007FF78A2148F2+1444642]
	Ordinal0 [0x00007FF789E2C835+641077]
	Ordinal0 [0x00007FF789E5A6AD+829101]
	Ordinal0 [0x00007FF789E5615A+811354]
	Ordinal0 [0x00007FF789E51340+791360]
	Ordinal0 [0x00007FF789E8F891+1046673]
	Ordinal0 [0x00007FF789E8ED78+1043832]
	Ordinal0 [0x00007FF789E88193+1016211]
	Ordinal0 [0x00007FF789E5CC63+838755]
	Ordinal0 [0x00007FF789E5E2CF+844495]
	Microsoft::Applications::Events::EventProperty::EventProperty [0x00007FF78A0D4C38+134760]
	Microsoft::Applications::Events::EventProperty::EventProperty [0x00007FF78A0BEB4D+44413]
	Microsoft::Applications::Events::EventProperty::EventProperty [0x00007FF78A0C1AAC+56540]
	Ordinal0 [0x00007FF789F1F944+1636676]
	Microsoft::Applications::Events::EventProperty::EventProperty [0x00007FF78A219F49+1466745]
	Microsoft::Applications::Events::EventProperty::EventProperty [0x00007FF78A21E6F4+1485092]
	Microsoft::Applications::Events::EventProperty::EventProperty [0x00007FF78A21E84D+1485437]
	Microsoft::Applications::Events::EventProperty::EventProperty [0x00007FF78A225F26+1515862]
	BaseThreadInitThunk [0x00007FFCBE047034+20]
	RtlUserThreadStart [0x00007FFCC00226A1+33]

	at org.openqa.selenium.remote.W3CHandshakeResponse.lambda$errorHandler$0(W3CHandshakeResponse.java:62)
	at org.openqa.selenium.remote.HandshakeResponse.lambda$getResponseFunction$0(HandshakeResponse.java:30)
	at org.openqa.selenium.remote.ProtocolHandshake.lambda$createSession$0(ProtocolHandshake.java:126)
	at java.base/java.util.stream.ReferencePipeline$3$1.accept(ReferencePipeline.java:197)
	at java.base/java.util.Spliterators$ArraySpliterator.tryAdvance(Spliterators.java:1002)
	at java.base/java.util.stream.ReferencePipeline.forEachWithCancel(ReferencePipeline.java:129)
	at java.base/java.util.stream.AbstractPipeline.copyIntoWithCancel(AbstractPipeline.java:527)
	at java.base/java.util.stream.AbstractPipeline.copyInto(AbstractPipeline.java:513)
	at java.base/java.util.stream.AbstractPipeline.wrapAndCopyInto(AbstractPipeline.java:499)
	at java.base/java.util.stream.FindOps$FindOp.evaluateSequential(FindOps.java:150)
	at java.base/java.util.stream.AbstractPipeline.evaluate(AbstractPipeline.java:234)
	at java.base/java.util.stream.ReferencePipeline.findFirst(ReferencePipeline.java:647)
	at org.openqa.selenium.remote.ProtocolHandshake.createSession(ProtocolHandshake.java:128)
	at org.openqa.selenium.remote.ProtocolHandshake.createSession(ProtocolHandshake.java:74)
	at org.openqa.selenium.remote.HttpCommandExecutor.execute(HttpCommandExecutor.java:136)
	at org.openqa.selenium.remote.service.DriverCommandExecutor.execute(DriverCommandExecutor.java:83)
	at org.openqa.selenium.remote.RemoteWebDriver.execute(RemoteWebDriver.java:552)
	at org.openqa.selenium.remote.RemoteWebDriver.startSession(RemoteWebDriver.java:213)
	at org.openqa.selenium.remote.RemoteWebDriver.&lt;init&gt;(RemoteWebDriver.java:131)
	at org.openqa.selenium.edge.EdgeDriver.&lt;init&gt;(EdgeDriver.java:141)
	at org.openqa.selenium.edge.EdgeDriver.&lt;init&gt;(EdgeDriver.java:96)
	at SetUp.BaseZerodha.openEdgeBrowser(BaseZerodha.java:31)
	at TempTest.VerifyBuyAndSellStock.launchBrowser(VerifyBuyAndSellStock.java:51)
... Removed 25 stack frames</pre></div><a href='#' onClick='toggleBox("stack-trace77684497", this, "Click to show all stack frames", "Click to hide stack frames")'>Click to show all stack frames</a>
<div class='stack-trace' id='stack-trace77684497'><pre>org.openqa.selenium.SessionNotCreatedException: session not created: This version of Microsoft Edge WebDriver only supports Microsoft Edge version 107
Current browser version is 105.0.1343.33 with binary path C:\Program Files (x86)\Microsoft\Edge\Application\msedge.exe
Build info: version: &apos;3.141.59&apos;, revision: &apos;e82be7d358&apos;, time: &apos;2018-11-14T08:17:03&apos;
System info: host: &apos;DESKTOP-RMOCKGK&apos;, ip: &apos;192.168.43.105&apos;, os.name: &apos;Windows 10&apos;, os.arch: &apos;amd64&apos;, os.version: &apos;10.0&apos;, java.version: &apos;18&apos;
Driver info: driver.version: EdgeDriver
remote stacktrace: Backtrace:
	Microsoft::Applications::Events::EventProperties::SetProperty [0x00007FF78A277262+15282]
	Microsoft::Applications::Events::EventProperty::EventProperty [0x00007FF78A2148F2+1444642]
	Ordinal0 [0x00007FF789E2C835+641077]
	Ordinal0 [0x00007FF789E5A6AD+829101]
	Ordinal0 [0x00007FF789E5615A+811354]
	Ordinal0 [0x00007FF789E51340+791360]
	Ordinal0 [0x00007FF789E8F891+1046673]
	Ordinal0 [0x00007FF789E8ED78+1043832]
	Ordinal0 [0x00007FF789E88193+1016211]
	Ordinal0 [0x00007FF789E5CC63+838755]
	Ordinal0 [0x00007FF789E5E2CF+844495]
	Microsoft::Applications::Events::EventProperty::EventProperty [0x00007FF78A0D4C38+134760]
	Microsoft::Applications::Events::EventProperty::EventProperty [0x00007FF78A0BEB4D+44413]
	Microsoft::Applications::Events::EventProperty::EventProperty [0x00007FF78A0C1AAC+56540]
	Ordinal0 [0x00007FF789F1F944+1636676]
	Microsoft::Applications::Events::EventProperty::EventProperty [0x00007FF78A219F49+1466745]
	Microsoft::Applications::Events::EventProperty::EventProperty [0x00007FF78A21E6F4+1485092]
	Microsoft::Applications::Events::EventProperty::EventProperty [0x00007FF78A21E84D+1485437]
	Microsoft::Applications::Events::EventProperty::EventProperty [0x00007FF78A225F26+1515862]
	BaseThreadInitThunk [0x00007FFCBE047034+20]
	RtlUserThreadStart [0x00007FFCC00226A1+33]

	at java.base/jdk.internal.reflect.DirectConstructorHandleAccessor.newInstance(DirectConstructorHandleAccessor.java:67)
	at java.base/java.lang.reflect.Constructor.newInstanceWithCaller(Constructor.java:499)
	at java.base/java.lang.reflect.Constructor.newInstance(Constructor.java:483)
	at org.openqa.selenium.remote.W3CHandshakeResponse.lambda$errorHandler$0(W3CHandshakeResponse.java:62)
	at org.openqa.selenium.remote.HandshakeResponse.lambda$getResponseFunction$0(HandshakeResponse.java:30)
	at org.openqa.selenium.remote.ProtocolHandshake.lambda$createSession$0(ProtocolHandshake.java:126)
	at java.base/java.util.stream.ReferencePipeline$3$1.accept(ReferencePipeline.java:197)
	at java.base/java.util.Spliterators$ArraySpliterator.tryAdvance(Spliterators.java:1002)
	at java.base/java.util.stream.ReferencePipeline.forEachWithCancel(ReferencePipeline.java:129)
	at java.base/java.util.stream.AbstractPipeline.copyIntoWithCancel(AbstractPipeline.java:527)
	at java.base/java.util.stream.AbstractPipeline.copyInto(AbstractPipeline.java:513)
	at java.base/java.util.stream.AbstractPipeline.wrapAndCopyInto(AbstractPipeline.java:499)
	at java.base/java.util.stream.FindOps$FindOp.evaluateSequential(FindOps.java:150)
	at java.base/java.util.stream.AbstractPipeline.evaluate(AbstractPipeline.java:234)
	at java.base/java.util.stream.ReferencePipeline.findFirst(ReferencePipeline.java:647)
	at org.openqa.selenium.remote.ProtocolHandshake.createSession(ProtocolHandshake.java:128)
	at org.openqa.selenium.remote.ProtocolHandshake.createSession(ProtocolHandshake.java:74)
	at org.openqa.selenium.remote.HttpCommandExecutor.execute(HttpCommandExecutor.java:136)
	at org.openqa.selenium.remote.service.DriverCommandExecutor.execute(DriverCommandExecutor.java:83)
	at org.openqa.selenium.remote.RemoteWebDriver.execute(RemoteWebDriver.java:552)
	at org.openqa.selenium.remote.RemoteWebDriver.startSession(RemoteWebDriver.java:213)
	at org.openqa.selenium.remote.RemoteWebDriver.&lt;init&gt;(RemoteWebDriver.java:131)
	at org.openqa.selenium.edge.EdgeDriver.&lt;init&gt;(EdgeDriver.java:141)
	at org.openqa.selenium.edge.EdgeDriver.&lt;init&gt;(EdgeDriver.java:96)
	at SetUp.BaseZerodha.openEdgeBrowser(BaseZerodha.java:31)
	at TempTest.VerifyBuyAndSellStock.launchBrowser(VerifyBuyAndSellStock.java:51)
	at java.base/jdk.internal.reflect.DirectMethodHandleAccessor.invoke(DirectMethodHandleAccessor.java:104)
	at java.base/java.lang.reflect.Method.invoke(Method.java:577)
	at org.testng.internal.MethodInvocationHelper.invokeMethod(MethodInvocationHelper.java:133)
	at org.testng.internal.MethodInvocationHelper.invokeMethodConsideringTimeout(MethodInvocationHelper.java:62)
	at org.testng.internal.ConfigInvoker.invokeConfigurationMethod(ConfigInvoker.java:385)
	at org.testng.internal.ConfigInvoker.invokeConfigurations(ConfigInvoker.java:321)
	at org.testng.TestRunner.invokeTestConfigurations(TestRunner.java:637)
	at org.testng.TestRunner.beforeRun(TestRunner.java:627)
	at org.testng.TestRunner.run(TestRunner.java:589)
	at org.testng.SuiteRunner.runTest(SuiteRunner.java:377)
	at org.testng.SuiteRunner.runSequentially(SuiteRunner.java:371)
	at org.testng.SuiteRunner.privateRun(SuiteRunner.java:332)
	at org.testng.SuiteRunner.run(SuiteRunner.java:276)
	at org.testng.SuiteRunnerWorker.runSuite(SuiteRunnerWorker.java:53)
	at org.testng.SuiteRunnerWorker.run(SuiteRunnerWorker.java:96)
	at org.testng.TestNG.runSuitesSequentially(TestNG.java:1212)
	at org.testng.TestNG.runSuitesLocally(TestNG.java:1134)
	at org.testng.TestNG.runSuites(TestNG.java:1063)
	at org.testng.TestNG.run(TestNG.java:1031)
	at org.testng.remote.AbstractRemoteTestNG.run(AbstractRemoteTestNG.java:115)
	at org.testng.remote.RemoteTestNG.initAndRun(RemoteTestNG.java:251)
	at org.testng.remote.RemoteTestNG.main(RemoteTestNG.java:77)
</pre></div></td>
<td>0</td>
<td>TempTest.VerifySerachBoxAndChartPage@294425a7</td></tr>
<tr>
<td title='TempTest.VerifyBuyAndSellStock.sellStock()'><b>sellStock</b><br>Test class: TempTest.VerifyBuyAndSellStock</td>
<td><div><pre>org.openqa.selenium.SessionNotCreatedException: session not created: This version of Microsoft Edge WebDriver only supports Microsoft Edge version 107
Current browser version is 105.0.1343.33 with binary path C:\Program Files (x86)\Microsoft\Edge\Application\msedge.exe
Build info: version: &apos;3.141.59&apos;, revision: &apos;e82be7d358&apos;, time: &apos;2018-11-14T08:17:03&apos;
System info: host: &apos;DESKTOP-RMOCKGK&apos;, ip: &apos;192.168.43.105&apos;, os.name: &apos;Windows 10&apos;, os.arch: &apos;amd64&apos;, os.version: &apos;10.0&apos;, java.version: &apos;18&apos;
Driver info: driver.version: EdgeDriver
remote stacktrace: Backtrace:
	Microsoft::Applications::Events::EventProperties::SetProperty [0x00007FF78A277262+15282]
	Microsoft::Applications::Events::EventProperty::EventProperty [0x00007FF78A2148F2+1444642]
	Ordinal0 [0x00007FF789E2C835+641077]
	Ordinal0 [0x00007FF789E5A6AD+829101]
	Ordinal0 [0x00007FF789E5615A+811354]
	Ordinal0 [0x00007FF789E51340+791360]
	Ordinal0 [0x00007FF789E8F891+1046673]
	Ordinal0 [0x00007FF789E8ED78+1043832]
	Ordinal0 [0x00007FF789E88193+1016211]
	Ordinal0 [0x00007FF789E5CC63+838755]
	Ordinal0 [0x00007FF789E5E2CF+844495]
	Microsoft::Applications::Events::EventProperty::EventProperty [0x00007FF78A0D4C38+134760]
	Microsoft::Applications::Events::EventProperty::EventProperty [0x00007FF78A0BEB4D+44413]
	Microsoft::Applications::Events::EventProperty::EventProperty [0x00007FF78A0C1AAC+56540]
	Ordinal0 [0x00007FF789F1F944+1636676]
	Microsoft::Applications::Events::EventProperty::EventProperty [0x00007FF78A219F49+1466745]
	Microsoft::Applications::Events::EventProperty::EventProperty [0x00007FF78A21E6F4+1485092]
	Microsoft::Applications::Events::EventProperty::EventProperty [0x00007FF78A21E84D+1485437]
	Microsoft::Applications::Events::EventProperty::EventProperty [0x00007FF78A225F26+1515862]
	BaseThreadInitThunk [0x00007FFCBE047034+20]
	RtlUserThreadStart [0x00007FFCC00226A1+33]

	at org.openqa.selenium.remote.W3CHandshakeResponse.lambda$errorHandler$0(W3CHandshakeResponse.java:62)
	at org.openqa.selenium.remote.HandshakeResponse.lambda$getResponseFunction$0(HandshakeResponse.java:30)
	at org.openqa.selenium.remote.ProtocolHandshake.lambda$createSession$0(ProtocolHandshake.java:126)
	at java.base/java.util.stream.ReferencePipeline$3$1.accept(ReferencePipeline.java:197)
	at java.base/java.util.Spliterators$ArraySpliterator.tryAdvance(Spliterators.java:1002)
	at java.base/java.util.stream.ReferencePipeline.forEachWithCancel(ReferencePipeline.java:129)
	at java.base/java.util.stream.AbstractPipeline.copyIntoWithCancel(AbstractPipeline.java:527)
	at java.base/java.util.stream.AbstractPipeline.copyInto(AbstractPipeline.java:513)
	at java.base/java.util.stream.AbstractPipeline.wrapAndCopyInto(AbstractPipeline.java:499)
	at java.base/java.util.stream.FindOps$FindOp.evaluateSequential(FindOps.java:150)
	at java.base/java.util.stream.AbstractPipeline.evaluate(AbstractPipeline.java:234)
	at java.base/java.util.stream.ReferencePipeline.findFirst(ReferencePipeline.java:647)
	at org.openqa.selenium.remote.ProtocolHandshake.createSession(ProtocolHandshake.java:128)
	at org.openqa.selenium.remote.ProtocolHandshake.createSession(ProtocolHandshake.java:74)
	at org.openqa.selenium.remote.HttpCommandExecutor.execute(HttpCommandExecutor.java:136)
	at org.openqa.selenium.remote.service.DriverCommandExecutor.execute(DriverCommandExecutor.java:83)
	at org.openqa.selenium.remote.RemoteWebDriver.execute(RemoteWebDriver.java:552)
	at org.openqa.selenium.remote.RemoteWebDriver.startSession(RemoteWebDriver.java:213)
	at org.openqa.selenium.remote.RemoteWebDriver.&lt;init&gt;(RemoteWebDriver.java:131)
	at org.openqa.selenium.edge.EdgeDriver.&lt;init&gt;(EdgeDriver.java:141)
	at org.openqa.selenium.edge.EdgeDriver.&lt;init&gt;(EdgeDriver.java:96)
	at SetUp.BaseZerodha.openEdgeBrowser(BaseZerodha.java:31)
	at TempTest.VerifyBuyAndSellStock.launchBrowser(VerifyBuyAndSellStock.java:51)
... Removed 25 stack frames</pre></div><a href='#' onClick='toggleBox("stack-trace428833959", this, "Click to show all stack frames", "Click to hide stack frames")'>Click to show all stack frames</a>
<div class='stack-trace' id='stack-trace428833959'><pre>org.openqa.selenium.SessionNotCreatedException: session not created: This version of Microsoft Edge WebDriver only supports Microsoft Edge version 107
Current browser version is 105.0.1343.33 with binary path C:\Program Files (x86)\Microsoft\Edge\Application\msedge.exe
Build info: version: &apos;3.141.59&apos;, revision: &apos;e82be7d358&apos;, time: &apos;2018-11-14T08:17:03&apos;
System info: host: &apos;DESKTOP-RMOCKGK&apos;, ip: &apos;192.168.43.105&apos;, os.name: &apos;Windows 10&apos;, os.arch: &apos;amd64&apos;, os.version: &apos;10.0&apos;, java.version: &apos;18&apos;
Driver info: driver.version: EdgeDriver
remote stacktrace: Backtrace:
	Microsoft::Applications::Events::EventProperties::SetProperty [0x00007FF78A277262+15282]
	Microsoft::Applications::Events::EventProperty::EventProperty [0x00007FF78A2148F2+1444642]
	Ordinal0 [0x00007FF789E2C835+641077]
	Ordinal0 [0x00007FF789E5A6AD+829101]
	Ordinal0 [0x00007FF789E5615A+811354]
	Ordinal0 [0x00007FF789E51340+791360]
	Ordinal0 [0x00007FF789E8F891+1046673]
	Ordinal0 [0x00007FF789E8ED78+1043832]
	Ordinal0 [0x00007FF789E88193+1016211]
	Ordinal0 [0x00007FF789E5CC63+838755]
	Ordinal0 [0x00007FF789E5E2CF+844495]
	Microsoft::Applications::Events::EventProperty::EventProperty [0x00007FF78A0D4C38+134760]
	Microsoft::Applications::Events::EventProperty::EventProperty [0x00007FF78A0BEB4D+44413]
	Microsoft::Applications::Events::EventProperty::EventProperty [0x00007FF78A0C1AAC+56540]
	Ordinal0 [0x00007FF789F1F944+1636676]
	Microsoft::Applications::Events::EventProperty::EventProperty [0x00007FF78A219F49+1466745]
	Microsoft::Applications::Events::EventProperty::EventProperty [0x00007FF78A21E6F4+1485092]
	Microsoft::Applications::Events::EventProperty::EventProperty [0x00007FF78A21E84D+1485437]
	Microsoft::Applications::Events::EventProperty::EventProperty [0x00007FF78A225F26+1515862]
	BaseThreadInitThunk [0x00007FFCBE047034+20]
	RtlUserThreadStart [0x00007FFCC00226A1+33]

	at java.base/jdk.internal.reflect.DirectConstructorHandleAccessor.newInstance(DirectConstructorHandleAccessor.java:67)
	at java.base/java.lang.reflect.Constructor.newInstanceWithCaller(Constructor.java:499)
	at java.base/java.lang.reflect.Constructor.newInstance(Constructor.java:483)
	at org.openqa.selenium.remote.W3CHandshakeResponse.lambda$errorHandler$0(W3CHandshakeResponse.java:62)
	at org.openqa.selenium.remote.HandshakeResponse.lambda$getResponseFunction$0(HandshakeResponse.java:30)
	at org.openqa.selenium.remote.ProtocolHandshake.lambda$createSession$0(ProtocolHandshake.java:126)
	at java.base/java.util.stream.ReferencePipeline$3$1.accept(ReferencePipeline.java:197)
	at java.base/java.util.Spliterators$ArraySpliterator.tryAdvance(Spliterators.java:1002)
	at java.base/java.util.stream.ReferencePipeline.forEachWithCancel(ReferencePipeline.java:129)
	at java.base/java.util.stream.AbstractPipeline.copyIntoWithCancel(AbstractPipeline.java:527)
	at java.base/java.util.stream.AbstractPipeline.copyInto(AbstractPipeline.java:513)
	at java.base/java.util.stream.AbstractPipeline.wrapAndCopyInto(AbstractPipeline.java:499)
	at java.base/java.util.stream.FindOps$FindOp.evaluateSequential(FindOps.java:150)
	at java.base/java.util.stream.AbstractPipeline.evaluate(AbstractPipeline.java:234)
	at java.base/java.util.stream.ReferencePipeline.findFirst(ReferencePipeline.java:647)
	at org.openqa.selenium.remote.ProtocolHandshake.createSession(ProtocolHandshake.java:128)
	at org.openqa.selenium.remote.ProtocolHandshake.createSession(ProtocolHandshake.java:74)
	at org.openqa.selenium.remote.HttpCommandExecutor.execute(HttpCommandExecutor.java:136)
	at org.openqa.selenium.remote.service.DriverCommandExecutor.execute(DriverCommandExecutor.java:83)
	at org.openqa.selenium.remote.RemoteWebDriver.execute(RemoteWebDriver.java:552)
	at org.openqa.selenium.remote.RemoteWebDriver.startSession(RemoteWebDriver.java:213)
	at org.openqa.selenium.remote.RemoteWebDriver.&lt;init&gt;(RemoteWebDriver.java:131)
	at org.openqa.selenium.edge.EdgeDriver.&lt;init&gt;(EdgeDriver.java:141)
	at org.openqa.selenium.edge.EdgeDriver.&lt;init&gt;(EdgeDriver.java:96)
	at SetUp.BaseZerodha.openEdgeBrowser(BaseZerodha.java:31)
	at TempTest.VerifyBuyAndSellStock.launchBrowser(VerifyBuyAndSellStock.java:51)
	at java.base/jdk.internal.reflect.DirectMethodHandleAccessor.invoke(DirectMethodHandleAccessor.java:104)
	at java.base/java.lang.reflect.Method.invoke(Method.java:577)
	at org.testng.internal.MethodInvocationHelper.invokeMethod(MethodInvocationHelper.java:133)
	at org.testng.internal.MethodInvocationHelper.invokeMethodConsideringTimeout(MethodInvocationHelper.java:62)
	at org.testng.internal.ConfigInvoker.invokeConfigurationMethod(ConfigInvoker.java:385)
	at org.testng.internal.ConfigInvoker.invokeConfigurations(ConfigInvoker.java:321)
	at org.testng.TestRunner.invokeTestConfigurations(TestRunner.java:637)
	at org.testng.TestRunner.beforeRun(TestRunner.java:627)
	at org.testng.TestRunner.run(TestRunner.java:589)
	at org.testng.SuiteRunner.runTest(SuiteRunner.java:377)
	at org.testng.SuiteRunner.runSequentially(SuiteRunner.java:371)
	at org.testng.SuiteRunner.privateRun(SuiteRunner.java:332)
	at org.testng.SuiteRunner.run(SuiteRunner.java:276)
	at org.testng.SuiteRunnerWorker.runSuite(SuiteRunnerWorker.java:53)
	at org.testng.SuiteRunnerWorker.run(SuiteRunnerWorker.java:96)
	at org.testng.TestNG.runSuitesSequentially(TestNG.java:1212)
	at org.testng.TestNG.runSuitesLocally(TestNG.java:1134)
	at org.testng.TestNG.runSuites(TestNG.java:1063)
	at org.testng.TestNG.run(TestNG.java:1031)
	at org.testng.remote.AbstractRemoteTestNG.run(AbstractRemoteTestNG.java:115)
	at org.testng.remote.RemoteTestNG.initAndRun(RemoteTestNG.java:251)
	at org.testng.remote.RemoteTestNG.main(RemoteTestNG.java:77)
</pre></div></td>
<td>0</td>
<td>TempTest.VerifyBuyAndSellStock@a514af7</td></tr>
<tr>
<td title='TempTest.VerifyTourKite.verifyTourKite()'><b>verifyTourKite</b><br>Test class: TempTest.VerifyTourKite</td>
<td><div><pre>org.openqa.selenium.SessionNotCreatedException: session not created: This version of Microsoft Edge WebDriver only supports Microsoft Edge version 107
Current browser version is 105.0.1343.33 with binary path C:\Program Files (x86)\Microsoft\Edge\Application\msedge.exe
Build info: version: &apos;3.141.59&apos;, revision: &apos;e82be7d358&apos;, time: &apos;2018-11-14T08:17:03&apos;
System info: host: &apos;DESKTOP-RMOCKGK&apos;, ip: &apos;192.168.43.105&apos;, os.name: &apos;Windows 10&apos;, os.arch: &apos;amd64&apos;, os.version: &apos;10.0&apos;, java.version: &apos;18&apos;
Driver info: driver.version: EdgeDriver
remote stacktrace: Backtrace:
	Microsoft::Applications::Events::EventProperties::SetProperty [0x00007FF78A277262+15282]
	Microsoft::Applications::Events::EventProperty::EventProperty [0x00007FF78A2148F2+1444642]
	Ordinal0 [0x00007FF789E2C835+641077]
	Ordinal0 [0x00007FF789E5A6AD+829101]
	Ordinal0 [0x00007FF789E5615A+811354]
	Ordinal0 [0x00007FF789E51340+791360]
	Ordinal0 [0x00007FF789E8F891+1046673]
	Ordinal0 [0x00007FF789E8ED78+1043832]
	Ordinal0 [0x00007FF789E88193+1016211]
	Ordinal0 [0x00007FF789E5CC63+838755]
	Ordinal0 [0x00007FF789E5E2CF+844495]
	Microsoft::Applications::Events::EventProperty::EventProperty [0x00007FF78A0D4C38+134760]
	Microsoft::Applications::Events::EventProperty::EventProperty [0x00007FF78A0BEB4D+44413]
	Microsoft::Applications::Events::EventProperty::EventProperty [0x00007FF78A0C1AAC+56540]
	Ordinal0 [0x00007FF789F1F944+1636676]
	Microsoft::Applications::Events::EventProperty::EventProperty [0x00007FF78A219F49+1466745]
	Microsoft::Applications::Events::EventProperty::EventProperty [0x00007FF78A21E6F4+1485092]
	Microsoft::Applications::Events::EventProperty::EventProperty [0x00007FF78A21E84D+1485437]
	Microsoft::Applications::Events::EventProperty::EventProperty [0x00007FF78A225F26+1515862]
	BaseThreadInitThunk [0x00007FFCBE047034+20]
	RtlUserThreadStart [0x00007FFCC00226A1+33]

	at org.openqa.selenium.remote.W3CHandshakeResponse.lambda$errorHandler$0(W3CHandshakeResponse.java:62)
	at org.openqa.selenium.remote.HandshakeResponse.lambda$getResponseFunction$0(HandshakeResponse.java:30)
	at org.openqa.selenium.remote.ProtocolHandshake.lambda$createSession$0(ProtocolHandshake.java:126)
	at java.base/java.util.stream.ReferencePipeline$3$1.accept(ReferencePipeline.java:197)
	at java.base/java.util.Spliterators$ArraySpliterator.tryAdvance(Spliterators.java:1002)
	at java.base/java.util.stream.ReferencePipeline.forEachWithCancel(ReferencePipeline.java:129)
	at java.base/java.util.stream.AbstractPipeline.copyIntoWithCancel(AbstractPipeline.java:527)
	at java.base/java.util.stream.AbstractPipeline.copyInto(AbstractPipeline.java:513)
	at java.base/java.util.stream.AbstractPipeline.wrapAndCopyInto(AbstractPipeline.java:499)
	at java.base/java.util.stream.FindOps$FindOp.evaluateSequential(FindOps.java:150)
	at java.base/java.util.stream.AbstractPipeline.evaluate(AbstractPipeline.java:234)
	at java.base/java.util.stream.ReferencePipeline.findFirst(ReferencePipeline.java:647)
	at org.openqa.selenium.remote.ProtocolHandshake.createSession(ProtocolHandshake.java:128)
	at org.openqa.selenium.remote.ProtocolHandshake.createSession(ProtocolHandshake.java:74)
	at org.openqa.selenium.remote.HttpCommandExecutor.execute(HttpCommandExecutor.java:136)
	at org.openqa.selenium.remote.service.DriverCommandExecutor.execute(DriverCommandExecutor.java:83)
	at org.openqa.selenium.remote.RemoteWebDriver.execute(RemoteWebDriver.java:552)
	at org.openqa.selenium.remote.RemoteWebDriver.startSession(RemoteWebDriver.java:213)
	at org.openqa.selenium.remote.RemoteWebDriver.&lt;init&gt;(RemoteWebDriver.java:131)
	at org.openqa.selenium.edge.EdgeDriver.&lt;init&gt;(EdgeDriver.java:141)
	at org.openqa.selenium.edge.EdgeDriver.&lt;init&gt;(EdgeDriver.java:96)
	at SetUp.BaseZerodha.openEdgeBrowser(BaseZerodha.java:31)
	at TempTest.VerifyBuyAndSellStock.launchBrowser(VerifyBuyAndSellStock.java:51)
... Removed 25 stack frames</pre></div><a href='#' onClick='toggleBox("stack-trace1316473388", this, "Click to show all stack frames", "Click to hide stack frames")'>Click to show all stack frames</a>
<div class='stack-trace' id='stack-trace1316473388'><pre>org.openqa.selenium.SessionNotCreatedException: session not created: This version of Microsoft Edge WebDriver only supports Microsoft Edge version 107
Current browser version is 105.0.1343.33 with binary path C:\Program Files (x86)\Microsoft\Edge\Application\msedge.exe
Build info: version: &apos;3.141.59&apos;, revision: &apos;e82be7d358&apos;, time: &apos;2018-11-14T08:17:03&apos;
System info: host: &apos;DESKTOP-RMOCKGK&apos;, ip: &apos;192.168.43.105&apos;, os.name: &apos;Windows 10&apos;, os.arch: &apos;amd64&apos;, os.version: &apos;10.0&apos;, java.version: &apos;18&apos;
Driver info: driver.version: EdgeDriver
remote stacktrace: Backtrace:
	Microsoft::Applications::Events::EventProperties::SetProperty [0x00007FF78A277262+15282]
	Microsoft::Applications::Events::EventProperty::EventProperty [0x00007FF78A2148F2+1444642]
	Ordinal0 [0x00007FF789E2C835+641077]
	Ordinal0 [0x00007FF789E5A6AD+829101]
	Ordinal0 [0x00007FF789E5615A+811354]
	Ordinal0 [0x00007FF789E51340+791360]
	Ordinal0 [0x00007FF789E8F891+1046673]
	Ordinal0 [0x00007FF789E8ED78+1043832]
	Ordinal0 [0x00007FF789E88193+1016211]
	Ordinal0 [0x00007FF789E5CC63+838755]
	Ordinal0 [0x00007FF789E5E2CF+844495]
	Microsoft::Applications::Events::EventProperty::EventProperty [0x00007FF78A0D4C38+134760]
	Microsoft::Applications::Events::EventProperty::EventProperty [0x00007FF78A0BEB4D+44413]
	Microsoft::Applications::Events::EventProperty::EventProperty [0x00007FF78A0C1AAC+56540]
	Ordinal0 [0x00007FF789F1F944+1636676]
	Microsoft::Applications::Events::EventProperty::EventProperty [0x00007FF78A219F49+1466745]
	Microsoft::Applications::Events::EventProperty::EventProperty [0x00007FF78A21E6F4+1485092]
	Microsoft::Applications::Events::EventProperty::EventProperty [0x00007FF78A21E84D+1485437]
	Microsoft::Applications::Events::EventProperty::EventProperty [0x00007FF78A225F26+1515862]
	BaseThreadInitThunk [0x00007FFCBE047034+20]
	RtlUserThreadStart [0x00007FFCC00226A1+33]

	at java.base/jdk.internal.reflect.DirectConstructorHandleAccessor.newInstance(DirectConstructorHandleAccessor.java:67)
	at java.base/java.lang.reflect.Constructor.newInstanceWithCaller(Constructor.java:499)
	at java.base/java.lang.reflect.Constructor.newInstance(Constructor.java:483)
	at org.openqa.selenium.remote.W3CHandshakeResponse.lambda$errorHandler$0(W3CHandshakeResponse.java:62)
	at org.openqa.selenium.remote.HandshakeResponse.lambda$getResponseFunction$0(HandshakeResponse.java:30)
	at org.openqa.selenium.remote.ProtocolHandshake.lambda$createSession$0(ProtocolHandshake.java:126)
	at java.base/java.util.stream.ReferencePipeline$3$1.accept(ReferencePipeline.java:197)
	at java.base/java.util.Spliterators$ArraySpliterator.tryAdvance(Spliterators.java:1002)
	at java.base/java.util.stream.ReferencePipeline.forEachWithCancel(ReferencePipeline.java:129)
	at java.base/java.util.stream.AbstractPipeline.copyIntoWithCancel(AbstractPipeline.java:527)
	at java.base/java.util.stream.AbstractPipeline.copyInto(AbstractPipeline.java:513)
	at java.base/java.util.stream.AbstractPipeline.wrapAndCopyInto(AbstractPipeline.java:499)
	at java.base/java.util.stream.FindOps$FindOp.evaluateSequential(FindOps.java:150)
	at java.base/java.util.stream.AbstractPipeline.evaluate(AbstractPipeline.java:234)
	at java.base/java.util.stream.ReferencePipeline.findFirst(ReferencePipeline.java:647)
	at org.openqa.selenium.remote.ProtocolHandshake.createSession(ProtocolHandshake.java:128)
	at org.openqa.selenium.remote.ProtocolHandshake.createSession(ProtocolHandshake.java:74)
	at org.openqa.selenium.remote.HttpCommandExecutor.execute(HttpCommandExecutor.java:136)
	at org.openqa.selenium.remote.service.DriverCommandExecutor.execute(DriverCommandExecutor.java:83)
	at org.openqa.selenium.remote.RemoteWebDriver.execute(RemoteWebDriver.java:552)
	at org.openqa.selenium.remote.RemoteWebDriver.startSession(RemoteWebDriver.java:213)
	at org.openqa.selenium.remote.RemoteWebDriver.&lt;init&gt;(RemoteWebDriver.java:131)
	at org.openqa.selenium.edge.EdgeDriver.&lt;init&gt;(EdgeDriver.java:141)
	at org.openqa.selenium.edge.EdgeDriver.&lt;init&gt;(EdgeDriver.java:96)
	at SetUp.BaseZerodha.openEdgeBrowser(BaseZerodha.java:31)
	at TempTest.VerifyBuyAndSellStock.launchBrowser(VerifyBuyAndSellStock.java:51)
	at java.base/jdk.internal.reflect.DirectMethodHandleAccessor.invoke(DirectMethodHandleAccessor.java:104)
	at java.base/java.lang.reflect.Method.invoke(Method.java:577)
	at org.testng.internal.MethodInvocationHelper.invokeMethod(MethodInvocationHelper.java:133)
	at org.testng.internal.MethodInvocationHelper.invokeMethodConsideringTimeout(MethodInvocationHelper.java:62)
	at org.testng.internal.ConfigInvoker.invokeConfigurationMethod(ConfigInvoker.java:385)
	at org.testng.internal.ConfigInvoker.invokeConfigurations(ConfigInvoker.java:321)
	at org.testng.TestRunner.invokeTestConfigurations(TestRunner.java:637)
	at org.testng.TestRunner.beforeRun(TestRunner.java:627)
	at org.testng.TestRunner.run(TestRunner.java:589)
	at org.testng.SuiteRunner.runTest(SuiteRunner.java:377)
	at org.testng.SuiteRunner.runSequentially(SuiteRunner.java:371)
	at org.testng.SuiteRunner.privateRun(SuiteRunner.java:332)
	at org.testng.SuiteRunner.run(SuiteRunner.java:276)
	at org.testng.SuiteRunnerWorker.runSuite(SuiteRunnerWorker.java:53)
	at org.testng.SuiteRunnerWorker.run(SuiteRunnerWorker.java:96)
	at org.testng.TestNG.runSuitesSequentially(TestNG.java:1212)
	at org.testng.TestNG.runSuitesLocally(TestNG.java:1134)
	at org.testng.TestNG.runSuites(TestNG.java:1063)
	at org.testng.TestNG.run(TestNG.java:1031)
	at org.testng.remote.AbstractRemoteTestNG.run(AbstractRemoteTestNG.java:115)
	at org.testng.remote.RemoteTestNG.initAndRun(RemoteTestNG.java:251)
	at org.testng.remote.RemoteTestNG.main(RemoteTestNG.java:77)
</pre></div></td>
<td>0</td>
<td>TempTest.VerifyTourKite@6379eb</td></tr>
<tr>
<td title='TempTest.VerifyBuyAndSellStock.buyStock()'><b>buyStock</b><br>Test class: TempTest.VerifyBuyAndSellStock</td>
<td><div><pre>org.openqa.selenium.SessionNotCreatedException: session not created: This version of Microsoft Edge WebDriver only supports Microsoft Edge version 107
Current browser version is 105.0.1343.33 with binary path C:\Program Files (x86)\Microsoft\Edge\Application\msedge.exe
Build info: version: &apos;3.141.59&apos;, revision: &apos;e82be7d358&apos;, time: &apos;2018-11-14T08:17:03&apos;
System info: host: &apos;DESKTOP-RMOCKGK&apos;, ip: &apos;192.168.43.105&apos;, os.name: &apos;Windows 10&apos;, os.arch: &apos;amd64&apos;, os.version: &apos;10.0&apos;, java.version: &apos;18&apos;
Driver info: driver.version: EdgeDriver
remote stacktrace: Backtrace:
	Microsoft::Applications::Events::EventProperties::SetProperty [0x00007FF78A277262+15282]
	Microsoft::Applications::Events::EventProperty::EventProperty [0x00007FF78A2148F2+1444642]
	Ordinal0 [0x00007FF789E2C835+641077]
	Ordinal0 [0x00007FF789E5A6AD+829101]
	Ordinal0 [0x00007FF789E5615A+811354]
	Ordinal0 [0x00007FF789E51340+791360]
	Ordinal0 [0x00007FF789E8F891+1046673]
	Ordinal0 [0x00007FF789E8ED78+1043832]
	Ordinal0 [0x00007FF789E88193+1016211]
	Ordinal0 [0x00007FF789E5CC63+838755]
	Ordinal0 [0x00007FF789E5E2CF+844495]
	Microsoft::Applications::Events::EventProperty::EventProperty [0x00007FF78A0D4C38+134760]
	Microsoft::Applications::Events::EventProperty::EventProperty [0x00007FF78A0BEB4D+44413]
	Microsoft::Applications::Events::EventProperty::EventProperty [0x00007FF78A0C1AAC+56540]
	Ordinal0 [0x00007FF789F1F944+1636676]
	Microsoft::Applications::Events::EventProperty::EventProperty [0x00007FF78A219F49+1466745]
	Microsoft::Applications::Events::EventProperty::EventProperty [0x00007FF78A21E6F4+1485092]
	Microsoft::Applications::Events::EventProperty::EventProperty [0x00007FF78A21E84D+1485437]
	Microsoft::Applications::Events::EventProperty::EventProperty [0x00007FF78A225F26+1515862]
	BaseThreadInitThunk [0x00007FFCBE047034+20]
	RtlUserThreadStart [0x00007FFCC00226A1+33]

	at org.openqa.selenium.remote.W3CHandshakeResponse.lambda$errorHandler$0(W3CHandshakeResponse.java:62)
	at org.openqa.selenium.remote.HandshakeResponse.lambda$getResponseFunction$0(HandshakeResponse.java:30)
	at org.openqa.selenium.remote.ProtocolHandshake.lambda$createSession$0(ProtocolHandshake.java:126)
	at java.base/java.util.stream.ReferencePipeline$3$1.accept(ReferencePipeline.java:197)
	at java.base/java.util.Spliterators$ArraySpliterator.tryAdvance(Spliterators.java:1002)
	at java.base/java.util.stream.ReferencePipeline.forEachWithCancel(ReferencePipeline.java:129)
	at java.base/java.util.stream.AbstractPipeline.copyIntoWithCancel(AbstractPipeline.java:527)
	at java.base/java.util.stream.AbstractPipeline.copyInto(AbstractPipeline.java:513)
	at java.base/java.util.stream.AbstractPipeline.wrapAndCopyInto(AbstractPipeline.java:499)
	at java.base/java.util.stream.FindOps$FindOp.evaluateSequential(FindOps.java:150)
	at java.base/java.util.stream.AbstractPipeline.evaluate(AbstractPipeline.java:234)
	at java.base/java.util.stream.ReferencePipeline.findFirst(ReferencePipeline.java:647)
	at org.openqa.selenium.remote.ProtocolHandshake.createSession(ProtocolHandshake.java:128)
	at org.openqa.selenium.remote.ProtocolHandshake.createSession(ProtocolHandshake.java:74)
	at org.openqa.selenium.remote.HttpCommandExecutor.execute(HttpCommandExecutor.java:136)
	at org.openqa.selenium.remote.service.DriverCommandExecutor.execute(DriverCommandExecutor.java:83)
	at org.openqa.selenium.remote.RemoteWebDriver.execute(RemoteWebDriver.java:552)
	at org.openqa.selenium.remote.RemoteWebDriver.startSession(RemoteWebDriver.java:213)
	at org.openqa.selenium.remote.RemoteWebDriver.&lt;init&gt;(RemoteWebDriver.java:131)
	at org.openqa.selenium.edge.EdgeDriver.&lt;init&gt;(EdgeDriver.java:141)
	at org.openqa.selenium.edge.EdgeDriver.&lt;init&gt;(EdgeDriver.java:96)
	at SetUp.BaseZerodha.openEdgeBrowser(BaseZerodha.java:31)
	at TempTest.VerifyBuyAndSellStock.launchBrowser(VerifyBuyAndSellStock.java:51)
... Removed 25 stack frames</pre></div><a href='#' onClick='toggleBox("stack-trace1421792293", this, "Click to show all stack frames", "Click to hide stack frames")'>Click to show all stack frames</a>
<div class='stack-trace' id='stack-trace1421792293'><pre>org.openqa.selenium.SessionNotCreatedException: session not created: This version of Microsoft Edge WebDriver only supports Microsoft Edge version 107
Current browser version is 105.0.1343.33 with binary path C:\Program Files (x86)\Microsoft\Edge\Application\msedge.exe
Build info: version: &apos;3.141.59&apos;, revision: &apos;e82be7d358&apos;, time: &apos;2018-11-14T08:17:03&apos;
System info: host: &apos;DESKTOP-RMOCKGK&apos;, ip: &apos;192.168.43.105&apos;, os.name: &apos;Windows 10&apos;, os.arch: &apos;amd64&apos;, os.version: &apos;10.0&apos;, java.version: &apos;18&apos;
Driver info: driver.version: EdgeDriver
remote stacktrace: Backtrace:
	Microsoft::Applications::Events::EventProperties::SetProperty [0x00007FF78A277262+15282]
	Microsoft::Applications::Events::EventProperty::EventProperty [0x00007FF78A2148F2+1444642]
	Ordinal0 [0x00007FF789E2C835+641077]
	Ordinal0 [0x00007FF789E5A6AD+829101]
	Ordinal0 [0x00007FF789E5615A+811354]
	Ordinal0 [0x00007FF789E51340+791360]
	Ordinal0 [0x00007FF789E8F891+1046673]
	Ordinal0 [0x00007FF789E8ED78+1043832]
	Ordinal0 [0x00007FF789E88193+1016211]
	Ordinal0 [0x00007FF789E5CC63+838755]
	Ordinal0 [0x00007FF789E5E2CF+844495]
	Microsoft::Applications::Events::EventProperty::EventProperty [0x00007FF78A0D4C38+134760]
	Microsoft::Applications::Events::EventProperty::EventProperty [0x00007FF78A0BEB4D+44413]
	Microsoft::Applications::Events::EventProperty::EventProperty [0x00007FF78A0C1AAC+56540]
	Ordinal0 [0x00007FF789F1F944+1636676]
	Microsoft::Applications::Events::EventProperty::EventProperty [0x00007FF78A219F49+1466745]
	Microsoft::Applications::Events::EventProperty::EventProperty [0x00007FF78A21E6F4+1485092]
	Microsoft::Applications::Events::EventProperty::EventProperty [0x00007FF78A21E84D+1485437]
	Microsoft::Applications::Events::EventProperty::EventProperty [0x00007FF78A225F26+1515862]
	BaseThreadInitThunk [0x00007FFCBE047034+20]
	RtlUserThreadStart [0x00007FFCC00226A1+33]

	at java.base/jdk.internal.reflect.DirectConstructorHandleAccessor.newInstance(DirectConstructorHandleAccessor.java:67)
	at java.base/java.lang.reflect.Constructor.newInstanceWithCaller(Constructor.java:499)
	at java.base/java.lang.reflect.Constructor.newInstance(Constructor.java:483)
	at org.openqa.selenium.remote.W3CHandshakeResponse.lambda$errorHandler$0(W3CHandshakeResponse.java:62)
	at org.openqa.selenium.remote.HandshakeResponse.lambda$getResponseFunction$0(HandshakeResponse.java:30)
	at org.openqa.selenium.remote.ProtocolHandshake.lambda$createSession$0(ProtocolHandshake.java:126)
	at java.base/java.util.stream.ReferencePipeline$3$1.accept(ReferencePipeline.java:197)
	at java.base/java.util.Spliterators$ArraySpliterator.tryAdvance(Spliterators.java:1002)
	at java.base/java.util.stream.ReferencePipeline.forEachWithCancel(ReferencePipeline.java:129)
	at java.base/java.util.stream.AbstractPipeline.copyIntoWithCancel(AbstractPipeline.java:527)
	at java.base/java.util.stream.AbstractPipeline.copyInto(AbstractPipeline.java:513)
	at java.base/java.util.stream.AbstractPipeline.wrapAndCopyInto(AbstractPipeline.java:499)
	at java.base/java.util.stream.FindOps$FindOp.evaluateSequential(FindOps.java:150)
	at java.base/java.util.stream.AbstractPipeline.evaluate(AbstractPipeline.java:234)
	at java.base/java.util.stream.ReferencePipeline.findFirst(ReferencePipeline.java:647)
	at org.openqa.selenium.remote.ProtocolHandshake.createSession(ProtocolHandshake.java:128)
	at org.openqa.selenium.remote.ProtocolHandshake.createSession(ProtocolHandshake.java:74)
	at org.openqa.selenium.remote.HttpCommandExecutor.execute(HttpCommandExecutor.java:136)
	at org.openqa.selenium.remote.service.DriverCommandExecutor.execute(DriverCommandExecutor.java:83)
	at org.openqa.selenium.remote.RemoteWebDriver.execute(RemoteWebDriver.java:552)
	at org.openqa.selenium.remote.RemoteWebDriver.startSession(RemoteWebDriver.java:213)
	at org.openqa.selenium.remote.RemoteWebDriver.&lt;init&gt;(RemoteWebDriver.java:131)
	at org.openqa.selenium.edge.EdgeDriver.&lt;init&gt;(EdgeDriver.java:141)
	at org.openqa.selenium.edge.EdgeDriver.&lt;init&gt;(EdgeDriver.java:96)
	at SetUp.BaseZerodha.openEdgeBrowser(BaseZerodha.java:31)
	at TempTest.VerifyBuyAndSellStock.launchBrowser(VerifyBuyAndSellStock.java:51)
	at java.base/jdk.internal.reflect.DirectMethodHandleAccessor.invoke(DirectMethodHandleAccessor.java:104)
	at java.base/java.lang.reflect.Method.invoke(Method.java:577)
	at org.testng.internal.MethodInvocationHelper.invokeMethod(MethodInvocationHelper.java:133)
	at org.testng.internal.MethodInvocationHelper.invokeMethodConsideringTimeout(MethodInvocationHelper.java:62)
	at org.testng.internal.ConfigInvoker.invokeConfigurationMethod(ConfigInvoker.java:385)
	at org.testng.internal.ConfigInvoker.invokeConfigurations(ConfigInvoker.java:321)
	at org.testng.TestRunner.invokeTestConfigurations(TestRunner.java:637)
	at org.testng.TestRunner.beforeRun(TestRunner.java:627)
	at org.testng.TestRunner.run(TestRunner.java:589)
	at org.testng.SuiteRunner.runTest(SuiteRunner.java:377)
	at org.testng.SuiteRunner.runSequentially(SuiteRunner.java:371)
	at org.testng.SuiteRunner.privateRun(SuiteRunner.java:332)
	at org.testng.SuiteRunner.run(SuiteRunner.java:276)
	at org.testng.SuiteRunnerWorker.runSuite(SuiteRunnerWorker.java:53)
	at org.testng.SuiteRunnerWorker.run(SuiteRunnerWorker.java:96)
	at org.testng.TestNG.runSuitesSequentially(TestNG.java:1212)
	at org.testng.TestNG.runSuitesLocally(TestNG.java:1134)
	at org.testng.TestNG.runSuites(TestNG.java:1063)
	at org.testng.TestNG.run(TestNG.java:1031)
	at org.testng.remote.AbstractRemoteTestNG.run(AbstractRemoteTestNG.java:115)
	at org.testng.remote.RemoteTestNG.initAndRun(RemoteTestNG.java:251)
	at org.testng.remote.RemoteTestNG.main(RemoteTestNG.java:77)
</pre></div></td>
<td>0</td>
<td>TempTest.VerifyBuyAndSellStock@a514af7</td></tr>
<tr>
<td title='TempTest.VerifySerachBoxAndChartPage.serachStockAndAddToWatchlist()'><b>serachStockAndAddToWatchlist</b><br>Test class: TempTest.VerifySerachBoxAndChartPage</td>
<td><div><pre>org.openqa.selenium.SessionNotCreatedException: session not created: This version of Microsoft Edge WebDriver only supports Microsoft Edge version 107
Current browser version is 105.0.1343.33 with binary path C:\Program Files (x86)\Microsoft\Edge\Application\msedge.exe
Build info: version: &apos;3.141.59&apos;, revision: &apos;e82be7d358&apos;, time: &apos;2018-11-14T08:17:03&apos;
System info: host: &apos;DESKTOP-RMOCKGK&apos;, ip: &apos;192.168.43.105&apos;, os.name: &apos;Windows 10&apos;, os.arch: &apos;amd64&apos;, os.version: &apos;10.0&apos;, java.version: &apos;18&apos;
Driver info: driver.version: EdgeDriver
remote stacktrace: Backtrace:
	Microsoft::Applications::Events::EventProperties::SetProperty [0x00007FF78A277262+15282]
	Microsoft::Applications::Events::EventProperty::EventProperty [0x00007FF78A2148F2+1444642]
	Ordinal0 [0x00007FF789E2C835+641077]
	Ordinal0 [0x00007FF789E5A6AD+829101]
	Ordinal0 [0x00007FF789E5615A+811354]
	Ordinal0 [0x00007FF789E51340+791360]
	Ordinal0 [0x00007FF789E8F891+1046673]
	Ordinal0 [0x00007FF789E8ED78+1043832]
	Ordinal0 [0x00007FF789E88193+1016211]
	Ordinal0 [0x00007FF789E5CC63+838755]
	Ordinal0 [0x00007FF789E5E2CF+844495]
	Microsoft::Applications::Events::EventProperty::EventProperty [0x00007FF78A0D4C38+134760]
	Microsoft::Applications::Events::EventProperty::EventProperty [0x00007FF78A0BEB4D+44413]
	Microsoft::Applications::Events::EventProperty::EventProperty [0x00007FF78A0C1AAC+56540]
	Ordinal0 [0x00007FF789F1F944+1636676]
	Microsoft::Applications::Events::EventProperty::EventProperty [0x00007FF78A219F49+1466745]
	Microsoft::Applications::Events::EventProperty::EventProperty [0x00007FF78A21E6F4+1485092]
	Microsoft::Applications::Events::EventProperty::EventProperty [0x00007FF78A21E84D+1485437]
	Microsoft::Applications::Events::EventProperty::EventProperty [0x00007FF78A225F26+1515862]
	BaseThreadInitThunk [0x00007FFCBE047034+20]
	RtlUserThreadStart [0x00007FFCC00226A1+33]

	at org.openqa.selenium.remote.W3CHandshakeResponse.lambda$errorHandler$0(W3CHandshakeResponse.java:62)
	at org.openqa.selenium.remote.HandshakeResponse.lambda$getResponseFunction$0(HandshakeResponse.java:30)
	at org.openqa.selenium.remote.ProtocolHandshake.lambda$createSession$0(ProtocolHandshake.java:126)
	at java.base/java.util.stream.ReferencePipeline$3$1.accept(ReferencePipeline.java:197)
	at java.base/java.util.Spliterators$ArraySpliterator.tryAdvance(Spliterators.java:1002)
	at java.base/java.util.stream.ReferencePipeline.forEachWithCancel(ReferencePipeline.java:129)
	at java.base/java.util.stream.AbstractPipeline.copyIntoWithCancel(AbstractPipeline.java:527)
	at java.base/java.util.stream.AbstractPipeline.copyInto(AbstractPipeline.java:513)
	at java.base/java.util.stream.AbstractPipeline.wrapAndCopyInto(AbstractPipeline.java:499)
	at java.base/java.util.stream.FindOps$FindOp.evaluateSequential(FindOps.java:150)
	at java.base/java.util.stream.AbstractPipeline.evaluate(AbstractPipeline.java:234)
	at java.base/java.util.stream.ReferencePipeline.findFirst(ReferencePipeline.java:647)
	at org.openqa.selenium.remote.ProtocolHandshake.createSession(ProtocolHandshake.java:128)
	at org.openqa.selenium.remote.ProtocolHandshake.createSession(ProtocolHandshake.java:74)
	at org.openqa.selenium.remote.HttpCommandExecutor.execute(HttpCommandExecutor.java:136)
	at org.openqa.selenium.remote.service.DriverCommandExecutor.execute(DriverCommandExecutor.java:83)
	at org.openqa.selenium.remote.RemoteWebDriver.execute(RemoteWebDriver.java:552)
	at org.openqa.selenium.remote.RemoteWebDriver.startSession(RemoteWebDriver.java:213)
	at org.openqa.selenium.remote.RemoteWebDriver.&lt;init&gt;(RemoteWebDriver.java:131)
	at org.openqa.selenium.edge.EdgeDriver.&lt;init&gt;(EdgeDriver.java:141)
	at org.openqa.selenium.edge.EdgeDriver.&lt;init&gt;(EdgeDriver.java:96)
	at SetUp.BaseZerodha.openEdgeBrowser(BaseZerodha.java:31)
	at TempTest.VerifyBuyAndSellStock.launchBrowser(VerifyBuyAndSellStock.java:51)
... Removed 25 stack frames</pre></div><a href='#' onClick='toggleBox("stack-trace337406215", this, "Click to show all stack frames", "Click to hide stack frames")'>Click to show all stack frames</a>
<div class='stack-trace' id='stack-trace337406215'><pre>org.openqa.selenium.SessionNotCreatedException: session not created: This version of Microsoft Edge WebDriver only supports Microsoft Edge version 107
Current browser version is 105.0.1343.33 with binary path C:\Program Files (x86)\Microsoft\Edge\Application\msedge.exe
Build info: version: &apos;3.141.59&apos;, revision: &apos;e82be7d358&apos;, time: &apos;2018-11-14T08:17:03&apos;
System info: host: &apos;DESKTOP-RMOCKGK&apos;, ip: &apos;192.168.43.105&apos;, os.name: &apos;Windows 10&apos;, os.arch: &apos;amd64&apos;, os.version: &apos;10.0&apos;, java.version: &apos;18&apos;
Driver info: driver.version: EdgeDriver
remote stacktrace: Backtrace:
	Microsoft::Applications::Events::EventProperties::SetProperty [0x00007FF78A277262+15282]
	Microsoft::Applications::Events::EventProperty::EventProperty [0x00007FF78A2148F2+1444642]
	Ordinal0 [0x00007FF789E2C835+641077]
	Ordinal0 [0x00007FF789E5A6AD+829101]
	Ordinal0 [0x00007FF789E5615A+811354]
	Ordinal0 [0x00007FF789E51340+791360]
	Ordinal0 [0x00007FF789E8F891+1046673]
	Ordinal0 [0x00007FF789E8ED78+1043832]
	Ordinal0 [0x00007FF789E88193+1016211]
	Ordinal0 [0x00007FF789E5CC63+838755]
	Ordinal0 [0x00007FF789E5E2CF+844495]
	Microsoft::Applications::Events::EventProperty::EventProperty [0x00007FF78A0D4C38+134760]
	Microsoft::Applications::Events::EventProperty::EventProperty [0x00007FF78A0BEB4D+44413]
	Microsoft::Applications::Events::EventProperty::EventProperty [0x00007FF78A0C1AAC+56540]
	Ordinal0 [0x00007FF789F1F944+1636676]
	Microsoft::Applications::Events::EventProperty::EventProperty [0x00007FF78A219F49+1466745]
	Microsoft::Applications::Events::EventProperty::EventProperty [0x00007FF78A21E6F4+1485092]
	Microsoft::Applications::Events::EventProperty::EventProperty [0x00007FF78A21E84D+1485437]
	Microsoft::Applications::Events::EventProperty::EventProperty [0x00007FF78A225F26+1515862]
	BaseThreadInitThunk [0x00007FFCBE047034+20]
	RtlUserThreadStart [0x00007FFCC00226A1+33]

	at java.base/jdk.internal.reflect.DirectConstructorHandleAccessor.newInstance(DirectConstructorHandleAccessor.java:67)
	at java.base/java.lang.reflect.Constructor.newInstanceWithCaller(Constructor.java:499)
	at java.base/java.lang.reflect.Constructor.newInstance(Constructor.java:483)
	at org.openqa.selenium.remote.W3CHandshakeResponse.lambda$errorHandler$0(W3CHandshakeResponse.java:62)
	at org.openqa.selenium.remote.HandshakeResponse.lambda$getResponseFunction$0(HandshakeResponse.java:30)
	at org.openqa.selenium.remote.ProtocolHandshake.lambda$createSession$0(ProtocolHandshake.java:126)
	at java.base/java.util.stream.ReferencePipeline$3$1.accept(ReferencePipeline.java:197)
	at java.base/java.util.Spliterators$ArraySpliterator.tryAdvance(Spliterators.java:1002)
	at java.base/java.util.stream.ReferencePipeline.forEachWithCancel(ReferencePipeline.java:129)
	at java.base/java.util.stream.AbstractPipeline.copyIntoWithCancel(AbstractPipeline.java:527)
	at java.base/java.util.stream.AbstractPipeline.copyInto(AbstractPipeline.java:513)
	at java.base/java.util.stream.AbstractPipeline.wrapAndCopyInto(AbstractPipeline.java:499)
	at java.base/java.util.stream.FindOps$FindOp.evaluateSequential(FindOps.java:150)
	at java.base/java.util.stream.AbstractPipeline.evaluate(AbstractPipeline.java:234)
	at java.base/java.util.stream.ReferencePipeline.findFirst(ReferencePipeline.java:647)
	at org.openqa.selenium.remote.ProtocolHandshake.createSession(ProtocolHandshake.java:128)
	at org.openqa.selenium.remote.ProtocolHandshake.createSession(ProtocolHandshake.java:74)
	at org.openqa.selenium.remote.HttpCommandExecutor.execute(HttpCommandExecutor.java:136)
	at org.openqa.selenium.remote.service.DriverCommandExecutor.execute(DriverCommandExecutor.java:83)
	at org.openqa.selenium.remote.RemoteWebDriver.execute(RemoteWebDriver.java:552)
	at org.openqa.selenium.remote.RemoteWebDriver.startSession(RemoteWebDriver.java:213)
	at org.openqa.selenium.remote.RemoteWebDriver.&lt;init&gt;(RemoteWebDriver.java:131)
	at org.openqa.selenium.edge.EdgeDriver.&lt;init&gt;(EdgeDriver.java:141)
	at org.openqa.selenium.edge.EdgeDriver.&lt;init&gt;(EdgeDriver.java:96)
	at SetUp.BaseZerodha.openEdgeBrowser(BaseZerodha.java:31)
	at TempTest.VerifyBuyAndSellStock.launchBrowser(VerifyBuyAndSellStock.java:51)
	at java.base/jdk.internal.reflect.DirectMethodHandleAccessor.invoke(DirectMethodHandleAccessor.java:104)
	at java.base/java.lang.reflect.Method.invoke(Method.java:577)
	at org.testng.internal.MethodInvocationHelper.invokeMethod(MethodInvocationHelper.java:133)
	at org.testng.internal.MethodInvocationHelper.invokeMethodConsideringTimeout(MethodInvocationHelper.java:62)
	at org.testng.internal.ConfigInvoker.invokeConfigurationMethod(ConfigInvoker.java:385)
	at org.testng.internal.ConfigInvoker.invokeConfigurations(ConfigInvoker.java:321)
	at org.testng.TestRunner.invokeTestConfigurations(TestRunner.java:637)
	at org.testng.TestRunner.beforeRun(TestRunner.java:627)
	at org.testng.TestRunner.run(TestRunner.java:589)
	at org.testng.SuiteRunner.runTest(SuiteRunner.java:377)
	at org.testng.SuiteRunner.runSequentially(SuiteRunner.java:371)
	at org.testng.SuiteRunner.privateRun(SuiteRunner.java:332)
	at org.testng.SuiteRunner.run(SuiteRunner.java:276)
	at org.testng.SuiteRunnerWorker.runSuite(SuiteRunnerWorker.java:53)
	at org.testng.SuiteRunnerWorker.run(SuiteRunnerWorker.java:96)
	at org.testng.TestNG.runSuitesSequentially(TestNG.java:1212)
	at org.testng.TestNG.runSuitesLocally(TestNG.java:1134)
	at org.testng.TestNG.runSuites(TestNG.java:1063)
	at org.testng.TestNG.run(TestNG.java:1031)
	at org.testng.remote.AbstractRemoteTestNG.run(AbstractRemoteTestNG.java:115)
	at org.testng.remote.RemoteTestNG.initAndRun(RemoteTestNG.java:251)
	at org.testng.remote.RemoteTestNG.main(RemoteTestNG.java:77)
</pre></div></td>
<td>0</td>
<td>TempTest.VerifySerachBoxAndChartPage@294425a7</td></tr>
</table><p>
</body>
</html>