<?xml version="1.0" encoding="UTF-8"?>
<!-- Generated by org.testng.reporters.JUnitXMLReporter -->
<testsuite ignored="0" hostname="DESKTOP-RMOCKGK" failures="0" tests="5" name="EdgeTest" time="4.882" errors="0" timestamp="2022-09-15T15:51:02 IST">
  <testcase classname="TempTest.VerifyBuyAndSellStock" name="@BeforeTest launchBrowser" time="4.634">
    <failure type="org.openqa.selenium.SessionNotCreatedException" message="session not created: This version of Microsoft Edge WebDriver only supports Microsoft Edge version 107
Current browser version is 105.0.1343.33 with binary path C:\Program Files (x86)\Microsoft\Edge\Application\msedge.exe
Build info: version: &amp;apos;3.141.59&amp;apos;, revision: &amp;apos;e82be7d358&amp;apos;, time: &amp;apos;2018-11-14T08:17:03&amp;apos;
System info: host: &amp;apos;DESKTOP-RMOCKGK&amp;apos;, ip: &amp;apos;192.168.43.105&amp;apos;, os.name: &amp;apos;Windows 10&amp;apos;, os.arch: &amp;apos;amd64&amp;apos;, os.version: &amp;apos;10.0&amp;apos;, java.version: &amp;apos;18&amp;apos;
Driver info: driver.version: EdgeDriver
remote stacktrace: Backtrace:
	Microsoft::Applications::Events::EventProperties::SetProperty [0x00007FF78A277262+15282]
	Microsoft::Applications::Events::EventProperty::EventProperty [0x00007FF78A2148F2+1444642]
	Ordinal0 [0x00007FF789E2C835+641077]
	Ordinal0 [0x00007FF789E5A6AD+829101]
	Ordinal0 [0x00007FF789E5615A+811354]
	Ordinal0 [0x00007FF789E51340+791360]
	Ordinal0 [0x00007FF789E8F891+1046673]
	Ordinal0 [0x00007FF789E8ED78+1043832]
	Ordinal0 [0x00007FF789E88193+1016211]
	Ordinal0 [0x00007FF789E5CC63+838755]
	Ordinal0 [0x00007FF789E5E2CF+844495]
	Microsoft::Applications::Events::EventProperty::EventProperty [0x00007FF78A0D4C38+134760]
	Microsoft::Applications::Events::EventProperty::EventProperty [0x00007FF78A0BEB4D+44413]
	Microsoft::Applications::Events::EventProperty::EventProperty [0x00007FF78A0C1AAC+56540]
	Ordinal0 [0x00007FF789F1F944+1636676]
	Microsoft::Applications::Events::EventProperty::EventProperty [0x00007FF78A219F49+1466745]
	Microsoft::Applications::Events::EventProperty::EventProperty [0x00007FF78A21E6F4+1485092]
	Microsoft::Applications::Events::EventProperty::EventProperty [0x00007FF78A21E84D+1485437]
	Microsoft::Applications::Events::EventProperty::EventProperty [0x00007FF78A225F26+1515862]
	BaseThreadInitThunk [0x00007FFCBE047034+20]
	RtlUserThreadStart [0x00007FFCC00226A1+33]
">
      <![CDATA[org.openqa.selenium.SessionNotCreatedException: session not created: This version of Microsoft Edge WebDriver only supports Microsoft Edge version 107
Current browser version is 105.0.1343.33 with binary path C:\Program Files (x86)\Microsoft\Edge\Application\msedge.exe
Build info: version: '3.141.59', revision: 'e82be7d358', time: '2018-11-14T08:17:03'
System info: host: 'DESKTOP-RMOCKGK', ip: '192.168.43.105', os.name: 'Windows 10', os.arch: 'amd64', os.version: '10.0', java.version: '18'
Driver info: driver.version: EdgeDriver
remote stacktrace: Backtrace:
Microsoft::Applications::Events::EventProperties::SetProperty [0x00007FF78A277262+15282]
Microsoft::Applications::Events::EventProperty::EventProperty [0x00007FF78A2148F2+1444642]
Ordinal0 [0x00007FF789E2C835+641077]
Ordinal0 [0x00007FF789E5A6AD+829101]
Ordinal0 [0x00007FF789E5615A+811354]
Ordinal0 [0x00007FF789E51340+791360]
Ordinal0 [0x00007FF789E8F891+1046673]
Ordinal0 [0x00007FF789E8ED78+1043832]
Ordinal0 [0x00007FF789E88193+1016211]
Ordinal0 [0x00007FF789E5CC63+838755]
Ordinal0 [0x00007FF789E5E2CF+844495]
Microsoft::Applications::Events::EventProperty::EventProperty [0x00007FF78A0D4C38+134760]
Microsoft::Applications::Events::EventProperty::EventProperty [0x00007FF78A0BEB4D+44413]
Microsoft::Applications::Events::EventProperty::EventProperty [0x00007FF78A0C1AAC+56540]
Ordinal0 [0x00007FF789F1F944+1636676]
Microsoft::Applications::Events::EventProperty::EventProperty [0x00007FF78A219F49+1466745]
Microsoft::Applications::Events::EventProperty::EventProperty [0x00007FF78A21E6F4+1485092]
Microsoft::Applications::Events::EventProperty::EventProperty [0x00007FF78A21E84D+1485437]
Microsoft::Applications::Events::EventProperty::EventProperty [0x00007FF78A225F26+1515862]
BaseThreadInitThunk [0x00007FFCBE047034+20]
RtlUserThreadStart [0x00007FFCC00226A1+33]

at org.openqa.selenium.remote.W3CHandshakeResponse.lambda$errorHandler$0(W3CHandshakeResponse.java:62)
at org.openqa.selenium.remote.HandshakeResponse.lambda$getResponseFunction$0(HandshakeResponse.java:30)
at org.openqa.selenium.remote.ProtocolHandshake.lambda$createSession$0(ProtocolHandshake.java:126)
at java.base/java.util.stream.ReferencePipeline$3$1.accept(ReferencePipeline.java:197)
at java.base/java.util.Spliterators$ArraySpliterator.tryAdvance(Spliterators.java:1002)
at java.base/java.util.stream.ReferencePipeline.forEachWithCancel(ReferencePipeline.java:129)
at java.base/java.util.stream.AbstractPipeline.copyIntoWithCancel(AbstractPipeline.java:527)
at java.base/java.util.stream.AbstractPipeline.copyInto(AbstractPipeline.java:513)
at java.base/java.util.stream.AbstractPipeline.wrapAndCopyInto(AbstractPipeline.java:499)
at java.base/java.util.stream.FindOps$FindOp.evaluateSequential(FindOps.java:150)
at java.base/java.util.stream.AbstractPipeline.evaluate(AbstractPipeline.java:234)
at java.base/java.util.stream.ReferencePipeline.findFirst(ReferencePipeline.java:647)
at org.openqa.selenium.remote.ProtocolHandshake.createSession(ProtocolHandshake.java:128)
at org.openqa.selenium.remote.ProtocolHandshake.createSession(ProtocolHandshake.java:74)
at org.openqa.selenium.remote.HttpCommandExecutor.execute(HttpCommandExecutor.java:136)
at org.openqa.selenium.remote.service.DriverCommandExecutor.execute(DriverCommandExecutor.java:83)
at org.openqa.selenium.remote.RemoteWebDriver.execute(RemoteWebDriver.java:552)
at org.openqa.selenium.remote.RemoteWebDriver.startSession(RemoteWebDriver.java:213)
at org.openqa.selenium.remote.RemoteWebDriver.<init>(RemoteWebDriver.java:131)
at org.openqa.selenium.edge.EdgeDriver.<init>(EdgeDriver.java:141)
at org.openqa.selenium.edge.EdgeDriver.<init>(EdgeDriver.java:96)
at SetUp.BaseZerodha.openEdgeBrowser(BaseZerodha.java:31)
at TempTest.VerifyBuyAndSellStock.launchBrowser(VerifyBuyAndSellStock.java:51)
... Removed 25 stack frames]]>
    </failure>
  </testcase> <!-- @BeforeTest launchBrowser -->
  <testcase classname="TempTest.VerifySerachBoxAndChartPage" name="@BeforeTest launchBrowser" time="-1.663237262078E9">
    <skipped/>
  </testcase> <!-- @BeforeTest launchBrowser -->
  <testcase classname="TempTest.VerifyTourKite" name="@BeforeTest launchBrowser" time="-1.66323726209E9">
    <skipped/>
  </testcase> <!-- @BeforeTest launchBrowser -->
  <testcase classname="TempTest.VerifyBuyAndSellStock" name="@BeforeClass createPOMObjects" time="-1.663237262168E9">
    <skipped/>
  </testcase> <!-- @BeforeClass createPOMObjects -->
  <testcase classname="TempTest.VerifyTourKite" name="@BeforeClass createPOMObjects" time="-1.663237262174E9">
    <skipped/>
  </testcase> <!-- @BeforeClass createPOMObjects -->
  <testcase classname="TempTest.VerifySerachBoxAndChartPage" name="@BeforeClass createPOMObjects" time="-1.663237262179E9">
    <skipped/>
  </testcase> <!-- @BeforeClass createPOMObjects -->
  <testcase classname="TempTest.VerifyTourKite" name="@BeforeMethod openBrowser" time="-1.663237262202E9">
    <skipped/>
  </testcase> <!-- @BeforeMethod openBrowser -->
  <testcase classname="TempTest.VerifyBuyAndSellStock" name="@BeforeMethod openBrowser" time="-1.663237262201E9">
    <skipped/>
  </testcase> <!-- @BeforeMethod openBrowser -->
  <testcase classname="TempTest.VerifySerachBoxAndChartPage" name="@BeforeMethod openBrowser" time="-1.663237262228E9">
    <skipped/>
  </testcase> <!-- @BeforeMethod openBrowser -->
  <testcase classname="TempTest.VerifyTourKite" name="@AfterMethod logout" time="-1.663237262239E9">
    <skipped/>
  </testcase> <!-- @AfterMethod logout -->
  <testcase classname="TempTest.VerifyTourKite" name="@AfterClass cleanPOMObjects" time="-1.663237262242E9">
    <skipped/>
  </testcase> <!-- @AfterClass cleanPOMObjects -->
  <testcase classname="TempTest.VerifySerachBoxAndChartPage" name="@AfterMethod logout" time="-1.66323726225E9">
    <skipped/>
  </testcase> <!-- @AfterMethod logout -->
  <testcase classname="TempTest.VerifySerachBoxAndChartPage" name="@BeforeMethod openBrowser" time="-1.663237262254E9">
    <skipped/>
  </testcase> <!-- @BeforeMethod openBrowser -->
  <testcase classname="TempTest.VerifyBuyAndSellStock" name="@AfterMethod logout" time="-1.663237262253E9">
    <skipped/>
  </testcase> <!-- @AfterMethod logout -->
  <testcase classname="TempTest.VerifyBuyAndSellStock" name="@BeforeMethod openBrowser" time="-1.66323726226E9">
    <skipped/>
  </testcase> <!-- @BeforeMethod openBrowser -->
  <testcase classname="TempTest.VerifySerachBoxAndChartPage" name="@AfterMethod logout" time="-1.663237262271E9">
    <skipped/>
  </testcase> <!-- @AfterMethod logout -->
  <testcase classname="TempTest.VerifySerachBoxAndChartPage" name="@AfterClass cleanPOMObjects" time="-1.663237262273E9">
    <skipped/>
  </testcase> <!-- @AfterClass cleanPOMObjects -->
  <testcase classname="TempTest.VerifyBuyAndSellStock" name="@AfterMethod logout" time="-1.66323726228E9">
    <skipped/>
  </testcase> <!-- @AfterMethod logout -->
  <testcase classname="TempTest.VerifyBuyAndSellStock" name="@AfterClass cleanPOMObjects" time="-1.663237262282E9">
    <skipped/>
  </testcase> <!-- @AfterClass cleanPOMObjects -->
  <testcase classname="TempTest.VerifyBuyAndSellStock" name="@AfterTest closeBrowser" time="-1.663237262287E9">
    <skipped/>
  </testcase> <!-- @AfterTest closeBrowser -->
  <testcase classname="TempTest.VerifySerachBoxAndChartPage" name="@AfterTest closeBrowser" time="-1.663237262289E9">
    <skipped/>
  </testcase> <!-- @AfterTest closeBrowser -->
  <testcase classname="TempTest.VerifyTourKite" name="@AfterTest closeBrowser" time="-1.663237262293E9">
    <skipped/>
  </testcase> <!-- @AfterTest closeBrowser -->
  <testcase classname="TempTest.VerifyTourKite" name="verifyTourKite" time="0.0">
    <skipped/>
  </testcase> <!-- verifyTourKite -->
  <testcase classname="TempTest.VerifyBuyAndSellStock" name="buyStock" time="0.0">
    <skipped/>
  </testcase> <!-- buyStock -->
  <testcase classname="TempTest.VerifySerachBoxAndChartPage" name="verifyStocksChart" time="0.0">
    <skipped/>
  </testcase> <!-- verifyStocksChart -->
  <testcase classname="TempTest.VerifySerachBoxAndChartPage" name="serachStockAndAddToWatchlist" time="0.0">
    <skipped/>
  </testcase> <!-- serachStockAndAddToWatchlist -->
  <testcase classname="TempTest.VerifyBuyAndSellStock" name="sellStock" time="0.0">
    <skipped/>
  </testcase> <!-- sellStock -->
</testsuite> <!-- EdgeTest -->
