<?xml version="1.0" encoding="UTF-8"?>
<!-- Generated by org.testng.reporters.JUnitReportReporter -->
<testsuite hostname="DESKTOP-RMOCKGK" failures="0" tests="5" name="TempTest.VerifyBuyAndSellStock" time="34.874" errors="1" timestamp="2022-09-15T19:10:08 IST" skipped="2">
  <testcase classname="TempTest.VerifyBuyAndSellStock" name="buyStock" time="14.892"/>
  <system-out/>
  <testcase classname="TempTest.VerifyBuyAndSellStock" name="launchBrowser" time="0.022">
    <error message="Cannot invoke &quot;org.openqa.selenium.WebDriver.manage()&quot; because &quot;this.driver&quot; is null" type="java.lang.NullPointerException">
      <![CDATA[java.lang.NullPointerException: Cannot invoke "org.openqa.selenium.WebDriver.manage()" because "this.driver" is null
at TempTest.VerifyBuyAndSellStock.launchBrowser(VerifyBuyAndSellStock.java:53)
at java.base/jdk.internal.reflect.DirectMethodHandleAccessor.invoke(DirectMethodHandleAccessor.java:104)
at java.base/java.lang.reflect.Method.invoke(Method.java:577)
at org.testng.internal.MethodInvocationHelper.invokeMethod(MethodInvocationHelper.java:133)
at org.testng.internal.MethodInvocationHelper.invokeMethodConsideringTimeout(MethodInvocationHelper.java:62)
at org.testng.internal.ConfigInvoker.invokeConfigurationMethod(ConfigInvoker.java:385)
at org.testng.internal.ConfigInvoker.invokeConfigurations(ConfigInvoker.java:321)
at org.testng.TestRunner.invokeTestConfigurations(TestRunner.java:637)
at org.testng.TestRunner.beforeRun(TestRunner.java:627)
at org.testng.TestRunner.run(TestRunner.java:589)
at org.testng.SuiteRunner.runTest(SuiteRunner.java:377)
at org.testng.SuiteRunner.access$000(SuiteRunner.java:28)
at org.testng.SuiteRunner$SuiteWorker.run(SuiteRunner.java:418)
at org.testng.internal.thread.ThreadUtil.lambda$execute$0(ThreadUtil.java:64)
at java.base/java.util.concurrent.FutureTask.run(FutureTask.java:264)
at java.base/java.util.concurrent.ThreadPoolExecutor.runWorker(ThreadPoolExecutor.java:1136)
at java.base/java.util.concurrent.ThreadPoolExecutor$Worker.run(ThreadPoolExecutor.java:635)
at java.base/java.lang.Thread.run(Thread.java:833)
]]>
    </error>
  </testcase> <!-- launchBrowser -->
  <system-out/>
  <testcase classname="TempTest.VerifyBuyAndSellStock" name="sellStock" time="19.960"/>
  <system-out/>
  <testcase classname="TempTest.VerifyBuyAndSellStock" name="sellStock" time="0.000">
    <skipped/>
  </testcase> <!-- sellStock -->
  <system-out/>
  <testcase classname="TempTest.VerifyBuyAndSellStock" name="buyStock" time="0.000">
    <skipped/>
  </testcase> <!-- buyStock -->
  <system-out/>
</testsuite> <!-- TempTest.VerifyBuyAndSellStock -->
