<?xml version="1.0" encoding="UTF-8"?>
<testng-results ignored="0" total="10" passed="5" failed="0" skipped="5">
  <reporter-output>
  </reporter-output>
  <suite started-at="2022-09-15T19:08:21 IST" name="Suite" finished-at="2022-09-15T19:10:08 IST" duration-ms="106786">
    <groups>
    </groups>
    <test started-at="2022-09-15T19:08:21 IST" name="ChromeTest" finished-at="2022-09-15T19:08:22 IST" duration-ms="304">
      <class name="TempTest.VerifyBuyAndSellStock">
        <test-method is-config="true" signature="launchBrowser(java.lang.String)[pri:0, instance:TempTest.VerifyBuyAndSellStock@a514af7]" started-at="2022-09-15T19:08:21 IST" name="launchBrowser" finished-at="2022-09-15T19:08:21 IST" duration-ms="22" status="FAIL">
          <params>
            <param index="0">
              <value>
                <![CDATA[Chrome1]]>
              </value>
            </param>
          </params>
          <exception class="java.lang.NullPointerException">
            <message>
              <![CDATA[Cannot invoke "org.openqa.selenium.WebDriver.manage()" because "this.driver" is null]]>
            </message>
            <full-stacktrace>
              <![CDATA[java.lang.NullPointerException: Cannot invoke "org.openqa.selenium.WebDriver.manage()" because "this.driver" is null
at TempTest.VerifyBuyAndSellStock.launchBrowser(VerifyBuyAndSellStock.java:53)
at java.base/jdk.internal.reflect.DirectMethodHandleAccessor.invoke(DirectMethodHandleAccessor.java:104)
at java.base/java.lang.reflect.Method.invoke(Method.java:577)
at org.testng.internal.MethodInvocationHelper.invokeMethod(MethodInvocationHelper.java:133)
at org.testng.internal.MethodInvocationHelper.invokeMethodConsideringTimeout(MethodInvocationHelper.java:62)
at org.testng.internal.ConfigInvoker.invokeConfigurationMethod(ConfigInvoker.java:385)
at org.testng.internal.ConfigInvoker.invokeConfigurations(ConfigInvoker.java:321)
at org.testng.TestRunner.invokeTestConfigurations(TestRunner.java:637)
at org.testng.TestRunner.beforeRun(TestRunner.java:627)
at org.testng.TestRunner.run(TestRunner.java:589)
at org.testng.SuiteRunner.runTest(SuiteRunner.java:377)
at org.testng.SuiteRunner.access$000(SuiteRunner.java:28)
at org.testng.SuiteRunner$SuiteWorker.run(SuiteRunner.java:418)
at org.testng.internal.thread.ThreadUtil.lambda$execute$0(ThreadUtil.java:64)
at java.base/java.util.concurrent.FutureTask.run(FutureTask.java:264)
at java.base/java.util.concurrent.ThreadPoolExecutor.runWorker(ThreadPoolExecutor.java:1136)
at java.base/java.util.concurrent.ThreadPoolExecutor$Worker.run(ThreadPoolExecutor.java:635)
at java.base/java.lang.Thread.run(Thread.java:833)
]]>
            </full-stacktrace>
          </exception> <!-- java.lang.NullPointerException -->
          <reporter-output>
          </reporter-output>
        </test-method> <!-- launchBrowser -->
        <test-method is-config="true" signature="createPOMObjects()[pri:0, instance:TempTest.VerifyBuyAndSellStock@a514af7]" started-at="2022-09-15T19:08:21 IST" name="createPOMObjects" finished-at="1970-01-01T05:30:00 IST" duration-ms="-1663249101932" status="SKIP">
          <reporter-output>
          </reporter-output>
        </test-method> <!-- createPOMObjects -->
        <test-method is-config="true" signature="openBrowser()[pri:0, instance:TempTest.VerifyBuyAndSellStock@a514af7]" started-at="2022-09-15T19:08:21 IST" name="openBrowser" finished-at="1970-01-01T05:30:00 IST" duration-ms="-1663249101959" status="SKIP">
          <reporter-output>
          </reporter-output>
        </test-method> <!-- openBrowser -->
        <test-method signature="buyStock()[pri:0, instance:TempTest.VerifyBuyAndSellStock@a514af7]" started-at="2022-09-15T19:08:21 IST" name="buyStock" finished-at="2022-09-15T19:08:21 IST" duration-ms="0" status="SKIP">
          <exception class="java.lang.NullPointerException">
            <message>
              <![CDATA[Cannot invoke "org.openqa.selenium.WebDriver.manage()" because "this.driver" is null]]>
            </message>
            <full-stacktrace>
              <![CDATA[java.lang.NullPointerException: Cannot invoke "org.openqa.selenium.WebDriver.manage()" because "this.driver" is null
at TempTest.VerifyBuyAndSellStock.launchBrowser(VerifyBuyAndSellStock.java:53)
at java.base/jdk.internal.reflect.DirectMethodHandleAccessor.invoke(DirectMethodHandleAccessor.java:104)
at java.base/java.lang.reflect.Method.invoke(Method.java:577)
at org.testng.internal.MethodInvocationHelper.invokeMethod(MethodInvocationHelper.java:133)
at org.testng.internal.MethodInvocationHelper.invokeMethodConsideringTimeout(MethodInvocationHelper.java:62)
at org.testng.internal.ConfigInvoker.invokeConfigurationMethod(ConfigInvoker.java:385)
at org.testng.internal.ConfigInvoker.invokeConfigurations(ConfigInvoker.java:321)
at org.testng.TestRunner.invokeTestConfigurations(TestRunner.java:637)
at org.testng.TestRunner.beforeRun(TestRunner.java:627)
at org.testng.TestRunner.run(TestRunner.java:589)
at org.testng.SuiteRunner.runTest(SuiteRunner.java:377)
at org.testng.SuiteRunner.access$000(SuiteRunner.java:28)
at org.testng.SuiteRunner$SuiteWorker.run(SuiteRunner.java:418)
at org.testng.internal.thread.ThreadUtil.lambda$execute$0(ThreadUtil.java:64)
at java.base/java.util.concurrent.FutureTask.run(FutureTask.java:264)
at java.base/java.util.concurrent.ThreadPoolExecutor.runWorker(ThreadPoolExecutor.java:1136)
at java.base/java.util.concurrent.ThreadPoolExecutor$Worker.run(ThreadPoolExecutor.java:635)
at java.base/java.lang.Thread.run(Thread.java:833)
]]>
            </full-stacktrace>
          </exception> <!-- java.lang.NullPointerException -->
          <reporter-output>
          </reporter-output>
        </test-method> <!-- buyStock -->
        <test-method is-config="true" signature="logout()[pri:0, instance:TempTest.VerifyBuyAndSellStock@a514af7]" started-at="2022-09-15T19:08:21 IST" name="logout" finished-at="1970-01-01T05:30:00 IST" duration-ms="-1663249101971" status="SKIP">
          <reporter-output>
          </reporter-output>
        </test-method> <!-- logout -->
        <test-method is-config="true" signature="openBrowser()[pri:0, instance:TempTest.VerifyBuyAndSellStock@a514af7]" started-at="2022-09-15T19:08:21 IST" name="openBrowser" finished-at="1970-01-01T05:30:00 IST" duration-ms="-1663249101981" status="SKIP">
          <reporter-output>
          </reporter-output>
        </test-method> <!-- openBrowser -->
        <test-method signature="sellStock()[pri:0, instance:TempTest.VerifyBuyAndSellStock@a514af7]" started-at="2022-09-15T19:08:21 IST" name="sellStock" finished-at="2022-09-15T19:08:21 IST" duration-ms="0" status="SKIP">
          <exception class="java.lang.NullPointerException">
            <message>
              <![CDATA[Cannot invoke "org.openqa.selenium.WebDriver.manage()" because "this.driver" is null]]>
            </message>
            <full-stacktrace>
              <![CDATA[java.lang.NullPointerException: Cannot invoke "org.openqa.selenium.WebDriver.manage()" because "this.driver" is null
at TempTest.VerifyBuyAndSellStock.launchBrowser(VerifyBuyAndSellStock.java:53)
at java.base/jdk.internal.reflect.DirectMethodHandleAccessor.invoke(DirectMethodHandleAccessor.java:104)
at java.base/java.lang.reflect.Method.invoke(Method.java:577)
at org.testng.internal.MethodInvocationHelper.invokeMethod(MethodInvocationHelper.java:133)
at org.testng.internal.MethodInvocationHelper.invokeMethodConsideringTimeout(MethodInvocationHelper.java:62)
at org.testng.internal.ConfigInvoker.invokeConfigurationMethod(ConfigInvoker.java:385)
at org.testng.internal.ConfigInvoker.invokeConfigurations(ConfigInvoker.java:321)
at org.testng.TestRunner.invokeTestConfigurations(TestRunner.java:637)
at org.testng.TestRunner.beforeRun(TestRunner.java:627)
at org.testng.TestRunner.run(TestRunner.java:589)
at org.testng.SuiteRunner.runTest(SuiteRunner.java:377)
at org.testng.SuiteRunner.access$000(SuiteRunner.java:28)
at org.testng.SuiteRunner$SuiteWorker.run(SuiteRunner.java:418)
at org.testng.internal.thread.ThreadUtil.lambda$execute$0(ThreadUtil.java:64)
at java.base/java.util.concurrent.FutureTask.run(FutureTask.java:264)
at java.base/java.util.concurrent.ThreadPoolExecutor.runWorker(ThreadPoolExecutor.java:1136)
at java.base/java.util.concurrent.ThreadPoolExecutor$Worker.run(ThreadPoolExecutor.java:635)
at java.base/java.lang.Thread.run(Thread.java:833)
]]>
            </full-stacktrace>
          </exception> <!-- java.lang.NullPointerException -->
          <reporter-output>
          </reporter-output>
        </test-method> <!-- sellStock -->
        <test-method is-config="true" signature="logout()[pri:0, instance:TempTest.VerifyBuyAndSellStock@a514af7]" started-at="2022-09-15T19:08:21 IST" name="logout" finished-at="1970-01-01T05:30:00 IST" duration-ms="-1663249101995" status="SKIP">
          <reporter-output>
          </reporter-output>
        </test-method> <!-- logout -->
        <test-method is-config="true" signature="cleanPOMObjects()[pri:0, instance:TempTest.VerifyBuyAndSellStock@a514af7]" started-at="2022-09-15T19:08:22 IST" name="cleanPOMObjects" finished-at="1970-01-01T05:30:00 IST" duration-ms="-1663249102016" status="SKIP">
          <reporter-output>
          </reporter-output>
        </test-method> <!-- cleanPOMObjects -->
        <test-method is-config="true" signature="closeBrowser()[pri:0, instance:TempTest.VerifyBuyAndSellStock@a514af7]" started-at="2022-09-15T19:08:22 IST" name="closeBrowser" finished-at="1970-01-01T05:30:00 IST" duration-ms="-1663249102124" status="SKIP">
          <reporter-output>
          </reporter-output>
        </test-method> <!-- closeBrowser -->
      </class> <!-- TempTest.VerifyBuyAndSellStock -->
      <class name="TempTest.VerifyTourKite">
        <test-method is-config="true" signature="launchBrowser(java.lang.String)[pri:0, instance:TempTest.VerifyTourKite@6379eb]" started-at="2022-09-15T19:08:21 IST" name="launchBrowser" finished-at="1970-01-01T05:30:00 IST" duration-ms="-1663249101884" status="SKIP">
          <reporter-output>
          </reporter-output>
        </test-method> <!-- launchBrowser -->
        <test-method is-config="true" signature="createPOMObjects()[pri:0, instance:TempTest.VerifyTourKite@6379eb]" started-at="2022-09-15T19:08:22 IST" name="createPOMObjects" finished-at="1970-01-01T05:30:00 IST" duration-ms="-1663249102067" status="SKIP">
          <reporter-output>
          </reporter-output>
        </test-method> <!-- createPOMObjects -->
        <test-method is-config="true" signature="openBrowser()[pri:0, instance:TempTest.VerifyTourKite@6379eb]" started-at="2022-09-15T19:08:22 IST" name="openBrowser" finished-at="1970-01-01T05:30:00 IST" duration-ms="-1663249102070" status="SKIP">
          <reporter-output>
          </reporter-output>
        </test-method> <!-- openBrowser -->
        <test-method signature="verifyTourKite()[pri:0, instance:TempTest.VerifyTourKite@6379eb]" started-at="2022-09-15T19:08:22 IST" name="verifyTourKite" finished-at="2022-09-15T19:08:22 IST" duration-ms="0" status="SKIP">
          <exception class="java.lang.NullPointerException">
            <message>
              <![CDATA[Cannot invoke "org.openqa.selenium.WebDriver.manage()" because "this.driver" is null]]>
            </message>
            <full-stacktrace>
              <![CDATA[java.lang.NullPointerException: Cannot invoke "org.openqa.selenium.WebDriver.manage()" because "this.driver" is null
at TempTest.VerifyBuyAndSellStock.launchBrowser(VerifyBuyAndSellStock.java:53)
at java.base/jdk.internal.reflect.DirectMethodHandleAccessor.invoke(DirectMethodHandleAccessor.java:104)
at java.base/java.lang.reflect.Method.invoke(Method.java:577)
at org.testng.internal.MethodInvocationHelper.invokeMethod(MethodInvocationHelper.java:133)
at org.testng.internal.MethodInvocationHelper.invokeMethodConsideringTimeout(MethodInvocationHelper.java:62)
at org.testng.internal.ConfigInvoker.invokeConfigurationMethod(ConfigInvoker.java:385)
at org.testng.internal.ConfigInvoker.invokeConfigurations(ConfigInvoker.java:321)
at org.testng.TestRunner.invokeTestConfigurations(TestRunner.java:637)
at org.testng.TestRunner.beforeRun(TestRunner.java:627)
at org.testng.TestRunner.run(TestRunner.java:589)
at org.testng.SuiteRunner.runTest(SuiteRunner.java:377)
at org.testng.SuiteRunner.access$000(SuiteRunner.java:28)
at org.testng.SuiteRunner$SuiteWorker.run(SuiteRunner.java:418)
at org.testng.internal.thread.ThreadUtil.lambda$execute$0(ThreadUtil.java:64)
at java.base/java.util.concurrent.FutureTask.run(FutureTask.java:264)
at java.base/java.util.concurrent.ThreadPoolExecutor.runWorker(ThreadPoolExecutor.java:1136)
at java.base/java.util.concurrent.ThreadPoolExecutor$Worker.run(ThreadPoolExecutor.java:635)
at java.base/java.lang.Thread.run(Thread.java:833)
]]>
            </full-stacktrace>
          </exception> <!-- java.lang.NullPointerException -->
          <reporter-output>
          </reporter-output>
        </test-method> <!-- verifyTourKite -->
        <test-method is-config="true" signature="logout()[pri:0, instance:TempTest.VerifyTourKite@6379eb]" started-at="2022-09-15T19:08:22 IST" name="logout" finished-at="1970-01-01T05:30:00 IST" duration-ms="-1663249102087" status="SKIP">
          <reporter-output>
          </reporter-output>
        </test-method> <!-- logout -->
        <test-method is-config="true" signature="cleanPOMObjects()[pri:0, instance:TempTest.VerifyTourKite@6379eb]" started-at="2022-09-15T19:08:22 IST" name="cleanPOMObjects" finished-at="1970-01-01T05:30:00 IST" duration-ms="-1663249102092" status="SKIP">
          <reporter-output>
          </reporter-output>
        </test-method> <!-- cleanPOMObjects -->
        <test-method is-config="true" signature="closeBrowser()[pri:0, instance:TempTest.VerifyTourKite@6379eb]" started-at="2022-09-15T19:08:22 IST" name="closeBrowser" finished-at="1970-01-01T05:30:00 IST" duration-ms="-1663249102128" status="SKIP">
          <reporter-output>
          </reporter-output>
        </test-method> <!-- closeBrowser -->
      </class> <!-- TempTest.VerifyTourKite -->
      <class name="TempTest.VerifySerachBoxAndChartPage">
        <test-method is-config="true" signature="launchBrowser(java.lang.String)[pri:0, instance:TempTest.VerifySerachBoxAndChartPage@294425a7]" started-at="2022-09-15T19:08:21 IST" name="launchBrowser" finished-at="1970-01-01T05:30:00 IST" duration-ms="-1663249101881" status="SKIP">
          <reporter-output>
          </reporter-output>
        </test-method> <!-- launchBrowser -->
        <test-method is-config="true" signature="createPOMObjects()[pri:0, instance:TempTest.VerifySerachBoxAndChartPage@294425a7]" started-at="2022-09-15T19:08:22 IST" name="createPOMObjects" finished-at="1970-01-01T05:30:00 IST" duration-ms="-1663249102050" status="SKIP">
          <reporter-output>
          </reporter-output>
        </test-method> <!-- createPOMObjects -->
        <test-method is-config="true" signature="openBrowser()[pri:0, instance:TempTest.VerifySerachBoxAndChartPage@294425a7]" started-at="2022-09-15T19:08:22 IST" name="openBrowser" finished-at="1970-01-01T05:30:00 IST" duration-ms="-1663249102053" status="SKIP">
          <reporter-output>
          </reporter-output>
        </test-method> <!-- openBrowser -->
        <test-method signature="verifyStocksChart()[pri:0, instance:TempTest.VerifySerachBoxAndChartPage@294425a7]" started-at="2022-09-15T19:08:22 IST" name="verifyStocksChart" finished-at="2022-09-15T19:08:22 IST" duration-ms="0" status="SKIP">
          <exception class="java.lang.NullPointerException">
            <message>
              <![CDATA[Cannot invoke "org.openqa.selenium.WebDriver.manage()" because "this.driver" is null]]>
            </message>
            <full-stacktrace>
              <![CDATA[java.lang.NullPointerException: Cannot invoke "org.openqa.selenium.WebDriver.manage()" because "this.driver" is null
at TempTest.VerifyBuyAndSellStock.launchBrowser(VerifyBuyAndSellStock.java:53)
at java.base/jdk.internal.reflect.DirectMethodHandleAccessor.invoke(DirectMethodHandleAccessor.java:104)
at java.base/java.lang.reflect.Method.invoke(Method.java:577)
at org.testng.internal.MethodInvocationHelper.invokeMethod(MethodInvocationHelper.java:133)
at org.testng.internal.MethodInvocationHelper.invokeMethodConsideringTimeout(MethodInvocationHelper.java:62)
at org.testng.internal.ConfigInvoker.invokeConfigurationMethod(ConfigInvoker.java:385)
at org.testng.internal.ConfigInvoker.invokeConfigurations(ConfigInvoker.java:321)
at org.testng.TestRunner.invokeTestConfigurations(TestRunner.java:637)
at org.testng.TestRunner.beforeRun(TestRunner.java:627)
at org.testng.TestRunner.run(TestRunner.java:589)
at org.testng.SuiteRunner.runTest(SuiteRunner.java:377)
at org.testng.SuiteRunner.access$000(SuiteRunner.java:28)
at org.testng.SuiteRunner$SuiteWorker.run(SuiteRunner.java:418)
at org.testng.internal.thread.ThreadUtil.lambda$execute$0(ThreadUtil.java:64)
at java.base/java.util.concurrent.FutureTask.run(FutureTask.java:264)
at java.base/java.util.concurrent.ThreadPoolExecutor.runWorker(ThreadPoolExecutor.java:1136)
at java.base/java.util.concurrent.ThreadPoolExecutor$Worker.run(ThreadPoolExecutor.java:635)
at java.base/java.lang.Thread.run(Thread.java:833)
]]>
            </full-stacktrace>
          </exception> <!-- java.lang.NullPointerException -->
          <reporter-output>
          </reporter-output>
        </test-method> <!-- verifyStocksChart -->
        <test-method is-config="true" signature="logout()[pri:0, instance:TempTest.VerifySerachBoxAndChartPage@294425a7]" started-at="2022-09-15T19:08:22 IST" name="logout" finished-at="1970-01-01T05:30:00 IST" duration-ms="-1663249102064" status="SKIP">
          <reporter-output>
          </reporter-output>
        </test-method> <!-- logout -->
        <test-method is-config="true" signature="openBrowser()[pri:0, instance:TempTest.VerifySerachBoxAndChartPage@294425a7]" started-at="2022-09-15T19:08:22 IST" name="openBrowser" finished-at="1970-01-01T05:30:00 IST" duration-ms="-1663249102101" status="SKIP">
          <reporter-output>
          </reporter-output>
        </test-method> <!-- openBrowser -->
        <test-method signature="serachStockAndAddToWatchlist()[pri:2, instance:TempTest.VerifySerachBoxAndChartPage@294425a7]" started-at="2022-09-15T19:08:22 IST" name="serachStockAndAddToWatchlist" finished-at="2022-09-15T19:08:22 IST" duration-ms="0" status="SKIP">
          <exception class="java.lang.NullPointerException">
            <message>
              <![CDATA[Cannot invoke "org.openqa.selenium.WebDriver.manage()" because "this.driver" is null]]>
            </message>
            <full-stacktrace>
              <![CDATA[java.lang.NullPointerException: Cannot invoke "org.openqa.selenium.WebDriver.manage()" because "this.driver" is null
at TempTest.VerifyBuyAndSellStock.launchBrowser(VerifyBuyAndSellStock.java:53)
at java.base/jdk.internal.reflect.DirectMethodHandleAccessor.invoke(DirectMethodHandleAccessor.java:104)
at java.base/java.lang.reflect.Method.invoke(Method.java:577)
at org.testng.internal.MethodInvocationHelper.invokeMethod(MethodInvocationHelper.java:133)
at org.testng.internal.MethodInvocationHelper.invokeMethodConsideringTimeout(MethodInvocationHelper.java:62)
at org.testng.internal.ConfigInvoker.invokeConfigurationMethod(ConfigInvoker.java:385)
at org.testng.internal.ConfigInvoker.invokeConfigurations(ConfigInvoker.java:321)
at org.testng.TestRunner.invokeTestConfigurations(TestRunner.java:637)
at org.testng.TestRunner.beforeRun(TestRunner.java:627)
at org.testng.TestRunner.run(TestRunner.java:589)
at org.testng.SuiteRunner.runTest(SuiteRunner.java:377)
at org.testng.SuiteRunner.access$000(SuiteRunner.java:28)
at org.testng.SuiteRunner$SuiteWorker.run(SuiteRunner.java:418)
at org.testng.internal.thread.ThreadUtil.lambda$execute$0(ThreadUtil.java:64)
at java.base/java.util.concurrent.FutureTask.run(FutureTask.java:264)
at java.base/java.util.concurrent.ThreadPoolExecutor.runWorker(ThreadPoolExecutor.java:1136)
at java.base/java.util.concurrent.ThreadPoolExecutor$Worker.run(ThreadPoolExecutor.java:635)
at java.base/java.lang.Thread.run(Thread.java:833)
]]>
            </full-stacktrace>
          </exception> <!-- java.lang.NullPointerException -->
          <reporter-output>
          </reporter-output>
        </test-method> <!-- serachStockAndAddToWatchlist -->
        <test-method is-config="true" signature="logout()[pri:0, instance:TempTest.VerifySerachBoxAndChartPage@294425a7]" started-at="2022-09-15T19:08:22 IST" name="logout" finished-at="1970-01-01T05:30:00 IST" duration-ms="-1663249102115" status="SKIP">
          <reporter-output>
          </reporter-output>
        </test-method> <!-- logout -->
        <test-method is-config="true" signature="cleanPOMObjects()[pri:0, instance:TempTest.VerifySerachBoxAndChartPage@294425a7]" started-at="2022-09-15T19:08:22 IST" name="cleanPOMObjects" finished-at="1970-01-01T05:30:00 IST" duration-ms="-1663249102117" status="SKIP">
          <reporter-output>
          </reporter-output>
        </test-method> <!-- cleanPOMObjects -->
        <test-method is-config="true" signature="closeBrowser()[pri:0, instance:TempTest.VerifySerachBoxAndChartPage@294425a7]" started-at="2022-09-15T19:08:22 IST" name="closeBrowser" finished-at="1970-01-01T05:30:00 IST" duration-ms="-1663249102126" status="SKIP">
          <reporter-output>
          </reporter-output>
        </test-method> <!-- closeBrowser -->
      </class> <!-- TempTest.VerifySerachBoxAndChartPage -->
    </test> <!-- ChromeTest -->
    <test started-at="2022-09-15T19:08:21 IST" name="FirefoxTest" finished-at="2022-09-15T19:10:08 IST" duration-ms="106786">
      <class name="TempTest.VerifyBuyAndSellStock">
        <test-method is-config="true" signature="launchBrowser(java.lang.String)[pri:0, instance:TempTest.VerifyBuyAndSellStock@7d8995e]" started-at="2022-09-15T19:08:21 IST" name="launchBrowser" finished-at="2022-09-15T19:08:28 IST" duration-ms="6715" status="PASS">
          <params>
            <param index="0">
              <value>
                <![CDATA[Firefox]]>
              </value>
            </param>
          </params>
          <reporter-output>
          </reporter-output>
        </test-method> <!-- launchBrowser -->
        <test-method is-config="true" signature="createPOMObjects()[pri:0, instance:TempTest.VerifyBuyAndSellStock@7d8995e]" started-at="2022-09-15T19:08:37 IST" name="createPOMObjects" finished-at="2022-09-15T19:08:38 IST" duration-ms="93" status="PASS">
          <reporter-output>
          </reporter-output>
        </test-method> <!-- createPOMObjects -->
        <test-method is-config="true" signature="openBrowser()[pri:0, instance:TempTest.VerifyBuyAndSellStock@7d8995e]" started-at="2022-09-15T19:08:38 IST" name="openBrowser" finished-at="2022-09-15T19:08:48 IST" duration-ms="10670" status="PASS">
          <reporter-output>
          </reporter-output>
        </test-method> <!-- openBrowser -->
        <test-method signature="buyStock()[pri:0, instance:TempTest.VerifyBuyAndSellStock@7d8995e]" started-at="2022-09-15T19:08:48 IST" name="buyStock" finished-at="2022-09-15T19:08:57 IST" duration-ms="8729" status="PASS">
          <reporter-output>
          </reporter-output>
        </test-method> <!-- buyStock -->
        <test-method is-config="true" signature="logout()[pri:0, instance:TempTest.VerifyBuyAndSellStock@7d8995e]" started-at="2022-09-15T19:08:57 IST" name="logout" finished-at="2022-09-15T19:08:58 IST" duration-ms="1005" status="PASS">
          <reporter-output>
          </reporter-output>
        </test-method> <!-- logout -->
        <test-method is-config="true" signature="openBrowser()[pri:0, instance:TempTest.VerifyBuyAndSellStock@7d8995e]" started-at="2022-09-15T19:08:58 IST" name="openBrowser" finished-at="2022-09-15T19:09:03 IST" duration-ms="5158" status="PASS">
          <reporter-output>
          </reporter-output>
        </test-method> <!-- openBrowser -->
        <test-method signature="sellStock()[pri:0, instance:TempTest.VerifyBuyAndSellStock@7d8995e]" started-at="2022-09-15T19:09:03 IST" name="sellStock" finished-at="2022-09-15T19:09:12 IST" duration-ms="8366" status="PASS">
          <reporter-output>
          </reporter-output>
        </test-method> <!-- sellStock -->
        <test-method is-config="true" signature="logout()[pri:0, instance:TempTest.VerifyBuyAndSellStock@7d8995e]" started-at="2022-09-15T19:09:12 IST" name="logout" finished-at="2022-09-15T19:09:12 IST" duration-ms="924" status="PASS">
          <reporter-output>
          </reporter-output>
        </test-method> <!-- logout -->
        <test-method is-config="true" signature="cleanPOMObjects()[pri:0, instance:TempTest.VerifyBuyAndSellStock@7d8995e]" started-at="2022-09-15T19:09:12 IST" name="cleanPOMObjects" finished-at="2022-09-15T19:09:12 IST" duration-ms="4" status="PASS">
          <reporter-output>
          </reporter-output>
        </test-method> <!-- cleanPOMObjects -->
        <test-method is-config="true" signature="closeBrowser()[pri:0, instance:TempTest.VerifyBuyAndSellStock@7d8995e]" started-at="2022-09-15T19:10:04 IST" name="closeBrowser" finished-at="2022-09-15T19:10:05 IST" duration-ms="1806" status="PASS">
          <reporter-output>
          </reporter-output>
        </test-method> <!-- closeBrowser -->
      </class> <!-- TempTest.VerifyBuyAndSellStock -->
      <class name="TempTest.VerifyTourKite">
        <test-method is-config="true" signature="launchBrowser(java.lang.String)[pri:0, instance:TempTest.VerifyTourKite@130d63be]" started-at="2022-09-15T19:08:32 IST" name="launchBrowser" finished-at="2022-09-15T19:08:37 IST" duration-ms="5226" status="PASS">
          <params>
            <param index="0">
              <value>
                <![CDATA[Firefox]]>
              </value>
            </param>
          </params>
          <reporter-output>
          </reporter-output>
        </test-method> <!-- launchBrowser -->
        <test-method is-config="true" signature="createPOMObjects()[pri:0, instance:TempTest.VerifyTourKite@130d63be]" started-at="2022-09-15T19:09:36 IST" name="createPOMObjects" finished-at="2022-09-15T19:09:36 IST" duration-ms="9" status="PASS">
          <reporter-output>
          </reporter-output>
        </test-method> <!-- createPOMObjects -->
        <test-method is-config="true" signature="openBrowser()[pri:0, instance:TempTest.VerifyTourKite@130d63be]" started-at="2022-09-15T19:09:36 IST" name="openBrowser" finished-at="2022-09-15T19:09:43 IST" duration-ms="7119" status="PASS">
          <reporter-output>
          </reporter-output>
        </test-method> <!-- openBrowser -->
        <test-method signature="verifyTourKite()[pri:0, instance:TempTest.VerifyTourKite@130d63be]" started-at="2022-09-15T19:09:43 IST" name="verifyTourKite" finished-at="2022-09-15T19:09:51 IST" duration-ms="7511" status="PASS">
          <reporter-output>
          </reporter-output>
        </test-method> <!-- verifyTourKite -->
        <test-method is-config="true" signature="logout()[pri:0, instance:TempTest.VerifyTourKite@130d63be]" started-at="2022-09-15T19:09:51 IST" name="logout" finished-at="2022-09-15T19:09:52 IST" duration-ms="949" status="PASS">
          <reporter-output>
          </reporter-output>
        </test-method> <!-- logout -->
        <test-method is-config="true" signature="cleanPOMObjects()[pri:0, instance:TempTest.VerifyTourKite@130d63be]" started-at="2022-09-15T19:09:52 IST" name="cleanPOMObjects" finished-at="2022-09-15T19:09:52 IST" duration-ms="2" status="PASS">
          <reporter-output>
          </reporter-output>
        </test-method> <!-- cleanPOMObjects -->
        <test-method is-config="true" signature="closeBrowser()[pri:0, instance:TempTest.VerifyTourKite@130d63be]" started-at="2022-09-15T19:10:07 IST" name="closeBrowser" finished-at="2022-09-15T19:10:08 IST" duration-ms="1428" status="PASS">
          <reporter-output>
          </reporter-output>
        </test-method> <!-- closeBrowser -->
      </class> <!-- TempTest.VerifyTourKite -->
      <class name="TempTest.VerifySerachBoxAndChartPage">
        <test-method is-config="true" signature="launchBrowser(java.lang.String)[pri:0, instance:TempTest.VerifySerachBoxAndChartPage@42a48628]" started-at="2022-09-15T19:08:28 IST" name="launchBrowser" finished-at="2022-09-15T19:08:32 IST" duration-ms="4183" status="PASS">
          <params>
            <param index="0">
              <value>
                <![CDATA[Firefox]]>
              </value>
            </param>
          </params>
          <reporter-output>
          </reporter-output>
        </test-method> <!-- launchBrowser -->
        <test-method is-config="true" signature="createPOMObjects()[pri:0, instance:TempTest.VerifySerachBoxAndChartPage@42a48628]" started-at="2022-09-15T19:09:12 IST" name="createPOMObjects" finished-at="2022-09-15T19:09:12 IST" duration-ms="2" status="PASS">
          <reporter-output>
          </reporter-output>
        </test-method> <!-- createPOMObjects -->
        <test-method is-config="true" signature="openBrowser()[pri:0, instance:TempTest.VerifySerachBoxAndChartPage@42a48628]" started-at="2022-09-15T19:09:12 IST" name="openBrowser" finished-at="2022-09-15T19:09:25 IST" duration-ms="12413" status="PASS">
          <reporter-output>
          </reporter-output>
        </test-method> <!-- openBrowser -->
        <test-method signature="verifyStocksChart()[pri:0, instance:TempTest.VerifySerachBoxAndChartPage@42a48628]" started-at="2022-09-15T19:09:25 IST" name="verifyStocksChart" finished-at="2022-09-15T19:09:35 IST" duration-ms="9851" status="PASS">
          <reporter-output>
          </reporter-output>
        </test-method> <!-- verifyStocksChart -->
        <test-method is-config="true" signature="logout()[pri:0, instance:TempTest.VerifySerachBoxAndChartPage@42a48628]" started-at="2022-09-15T19:09:35 IST" name="logout" finished-at="2022-09-15T19:09:36 IST" duration-ms="1237" status="PASS">
          <reporter-output>
          </reporter-output>
        </test-method> <!-- logout -->
        <test-method is-config="true" signature="openBrowser()[pri:0, instance:TempTest.VerifySerachBoxAndChartPage@42a48628]" started-at="2022-09-15T19:09:52 IST" name="openBrowser" finished-at="2022-09-15T19:10:02 IST" duration-ms="10517" status="PASS">
          <reporter-output>
          </reporter-output>
        </test-method> <!-- openBrowser -->
        <test-method signature="serachStockAndAddToWatchlist()[pri:2, instance:TempTest.VerifySerachBoxAndChartPage@42a48628]" started-at="2022-09-15T19:10:02 IST" name="serachStockAndAddToWatchlist" finished-at="2022-09-15T19:10:03 IST" duration-ms="848" status="PASS">
          <reporter-output>
          </reporter-output>
        </test-method> <!-- serachStockAndAddToWatchlist -->
        <test-method is-config="true" signature="logout()[pri:0, instance:TempTest.VerifySerachBoxAndChartPage@42a48628]" started-at="2022-09-15T19:10:03 IST" name="logout" finished-at="2022-09-15T19:10:04 IST" duration-ms="752" status="PASS">
          <reporter-output>
          </reporter-output>
        </test-method> <!-- logout -->
        <test-method is-config="true" signature="cleanPOMObjects()[pri:0, instance:TempTest.VerifySerachBoxAndChartPage@42a48628]" started-at="2022-09-15T19:10:04 IST" name="cleanPOMObjects" finished-at="2022-09-15T19:10:04 IST" duration-ms="0" status="PASS">
          <reporter-output>
          </reporter-output>
        </test-method> <!-- cleanPOMObjects -->
        <test-method is-config="true" signature="closeBrowser()[pri:0, instance:TempTest.VerifySerachBoxAndChartPage@42a48628]" started-at="2022-09-15T19:10:05 IST" name="closeBrowser" finished-at="2022-09-15T19:10:07 IST" duration-ms="1221" status="PASS">
          <reporter-output>
          </reporter-output>
        </test-method> <!-- closeBrowser -->
      </class> <!-- TempTest.VerifySerachBoxAndChartPage -->
    </test> <!-- FirefoxTest -->
  </suite> <!-- Suite -->
</testng-results>
